2023-06-13 10:10:27,687 [INFO] Activator:176 - 


2023-06-13 10:10:27,700 [INFO] Activator:177 - !SESSION log4j initialized
2023-06-13 10:10:42,071 [INFO] LogOutputStream:77 - [STDOUT_REDIRECT] 
2023-06-13 10:11:13,302 [ERROR] LogOutputStream:75 - [STDERR_REDIRECT] SLF4J: Failed to load class "org.slf4j.impl.StaticLoggerBinder".
2023-06-13 10:11:13,302 [ERROR] LogOutputStream:75 - [STDERR_REDIRECT] SLF4J: Defaulting to no-operation (NOP) logger implementation
2023-06-13 10:11:13,312 [ERROR] LogOutputStream:75 - [STDERR_REDIRECT] SLF4J: See http://www.slf4j.org/codes.html#StaticLoggerBinder for further details.
2023-06-13 10:25:20,517 [INFO] ApplicationProperties:184 - Using Application install path: C:\ST\STM32CubeIDE_1.12.0\STM32CubeIDE\plugins\com.st.stm32cube.common.mx_6.8.1.202304191431
2023-06-13 10:25:20,567 [INFO] DbMcusXml:78 - Set database path to: C:\ST\STM32CubeIDE_1.12.0\STM32CubeIDE\plugins\com.st.stm32cube.common.mx_6.8.1.202304191431\\db\/mcu/
2023-06-13 10:25:20,567 [INFO] ApiDb:274 - Set plugin database path to: C:\ST\STM32CubeIDE_1.12.0\STM32CubeIDE\plugins\com.st.stm32cube.common.mx_6.8.1.202304191431\\db\/plugins/boardmanager/
2023-06-13 10:25:20,577 [WARN] ApiDb:259 - Overriding images path with different value:  => C:\ST\STM32CubeIDE_1.12.0\STM32CubeIDE\plugins\com.st.stm32cube.common.mx_6.8.1.202304191431\\db\/plugins/mcufinder/images/
2023-06-13 10:25:20,658 [INFO] ApiDb:250 - Set database path to: C:\Users\InnovusSollertia\.stmcufinder\plugins\mcufinder//mcu/
2023-06-13 10:25:20,668 [INFO] DbMcusAds:125 - Set database path to: C:\Users\InnovusSollertia\.stmcufinder\plugins\mcufinder//mcu/
2023-06-13 10:25:20,678 [INFO] CrossReferenceDbSqlite:203 - Set database path to: C:\Users\InnovusSollertia\.stmcufinder\plugins\mcufinder//mcu/cs/
2023-06-13 10:25:20,883 [INFO] RulesReader:64 - Compatibility file has been processed (293 Rules)
2023-06-13 10:25:21,115 [INFO] DbMcusXml:78 - Set database path to: C:\ST\STM32CubeIDE_1.12.0\STM32CubeIDE\plugins\com.st.stm32cube.common.mx_6.8.1.202304191431\\db\/mcu/
2023-06-13 10:25:21,115 [INFO] ApiDb:274 - Set plugin database path to: C:\ST\STM32CubeIDE_1.12.0\STM32CubeIDE\plugins\com.st.stm32cube.common.mx_6.8.1.202304191431\\db\/plugins/boardmanager/
2023-06-13 10:25:21,116 [INFO] ApiDb:261 - Set plugin images path to: C:\ST\STM32CubeIDE_1.12.0\STM32CubeIDE\plugins\com.st.stm32cube.common.mx_6.8.1.202304191431\\db\/plugins/mcufinder/images/
2023-06-13 10:25:21,116 [WARN] DbFile:41 - Overriding database path with different value: C:\Users\InnovusSollertia\.stmcufinder\plugins\mcufinder/ => C:\Users\InnovusSollertia\.stmcufinder\plugins\mcufinder
2023-06-13 10:25:21,116 [INFO] ApiDb:250 - Set database path to: C:\Users\InnovusSollertia\.stmcufinder\plugins\mcufinder//mcu/
2023-06-13 10:25:21,116 [WARN] DbFile:41 - Overriding database path with different value: C:\Users\InnovusSollertia\.stmcufinder\plugins\mcufinder/ => C:\Users\InnovusSollertia\.stmcufinder\plugins\mcufinder
2023-06-13 10:25:21,116 [INFO] DbMcusAds:125 - Set database path to: C:\Users\InnovusSollertia\.stmcufinder\plugins\mcufinder//mcu/
2023-06-13 10:25:21,116 [WARN] DbFile:41 - Overriding database path with different value: C:\Users\InnovusSollertia\.stmcufinder\plugins\mcufinder/ => C:\Users\InnovusSollertia\.stmcufinder\plugins\mcufinder
2023-06-13 10:25:21,116 [WARN] DbFile:41 - Overriding database path with different value: C:\Users\InnovusSollertia\.stmcufinder\plugins\mcufinder/ => C:\Users\InnovusSollertia\.stmcufinder\plugins\mcufinder
2023-06-13 10:25:21,116 [INFO] CrossReferenceDbSqlite:203 - Set database path to: C:\Users\InnovusSollertia\.stmcufinder\plugins\mcufinder//mcu/cs/
2023-06-13 10:25:21,287 [INFO] MainPanel:253 - HeapMemory: 499122176
2023-06-13 10:25:21,509 [INFO] DbMcusXml:78 - Set database path to: C:\ST\STM32CubeIDE_1.12.0\STM32CubeIDE\plugins\com.st.stm32cube.common.mx_6.8.1.202304191431\\db\/mcu/
2023-06-13 10:25:21,509 [INFO] ApiDb:274 - Set plugin database path to: C:\ST\STM32CubeIDE_1.12.0\STM32CubeIDE\plugins\com.st.stm32cube.common.mx_6.8.1.202304191431\\db\/plugins/boardmanager/
2023-06-13 10:25:21,509 [INFO] ApiDb:261 - Set plugin images path to: C:\ST\STM32CubeIDE_1.12.0\STM32CubeIDE\plugins\com.st.stm32cube.common.mx_6.8.1.202304191431\\db\/plugins/mcufinder/images/
2023-06-13 10:25:21,519 [WARN] DbFile:41 - Overriding database path with different value: C:\Users\InnovusSollertia\.stmcufinder\plugins\mcufinder/ => C:\Users\InnovusSollertia\.stmcufinder\plugins\mcufinder
2023-06-13 10:25:21,519 [INFO] ApiDb:250 - Set database path to: C:\Users\InnovusSollertia\.stmcufinder\plugins\mcufinder//mcu/
2023-06-13 10:25:21,519 [WARN] DbFile:41 - Overriding database path with different value: C:\Users\InnovusSollertia\.stmcufinder\plugins\mcufinder/ => C:\Users\InnovusSollertia\.stmcufinder\plugins\mcufinder
2023-06-13 10:25:21,519 [INFO] DbMcusAds:125 - Set database path to: C:\Users\InnovusSollertia\.stmcufinder\plugins\mcufinder//mcu/
2023-06-13 10:25:21,519 [WARN] DbFile:41 - Overriding database path with different value: C:\Users\InnovusSollertia\.stmcufinder\plugins\mcufinder/ => C:\Users\InnovusSollertia\.stmcufinder\plugins\mcufinder
2023-06-13 10:25:21,519 [WARN] DbFile:41 - Overriding database path with different value: C:\Users\InnovusSollertia\.stmcufinder\plugins\mcufinder/ => C:\Users\InnovusSollertia\.stmcufinder\plugins\mcufinder
2023-06-13 10:25:21,519 [INFO] CrossReferenceDbSqlite:203 - Set database path to: C:\Users\InnovusSollertia\.stmcufinder\plugins\mcufinder//mcu/cs/
2023-06-13 10:25:21,556 [INFO] ApplicationProperties:184 - Using Application install path: C:\ST\STM32CubeIDE_1.12.0\STM32CubeIDE\plugins\com.st.stm32cube.common.mx_6.8.1.202304191431
2023-06-13 10:25:21,556 [INFO] PluginManage:196 - Search for loadable plugins [exclusion list=, ]
2023-06-13 10:25:21,566 [INFO] PluginManage:310 - Check plugin analytics
2023-06-13 10:25:26,452 [INFO] AnalyticsPlugin:253 - Accepted Software Licenses: 
2023-06-13 10:25:26,452 [INFO] AnalyticsPlugin:255 - Accepted CMSIS Pack Licenses: 
2023-06-13 10:25:26,452 [INFO] AnalyticsPlugin:257 - Accepted Firmware Licenses: 
2023-06-13 10:25:26,472 [INFO] PluginManage:359 - Loaded plugin analytics (category:tool,tabindex:-1)
2023-06-13 10:25:26,472 [INFO] PluginManage:310 - Check plugin cadmodel
2023-06-13 10:25:26,507 [INFO] CADModel:105 - Init CAD model plugin
2023-06-13 10:25:26,507 [INFO] PluginManage:359 - Loaded plugin cadmodel (category:power,tabindex:5)
2023-06-13 10:25:26,507 [INFO] PluginManage:310 - Check plugin clock
2023-06-13 10:25:26,557 [INFO] PluginManage:359 - Loaded plugin clock (category:base,tabindex:2)
2023-06-13 10:25:26,557 [INFO] PluginManage:310 - Check plugin ddr
2023-06-13 10:25:26,557 [INFO] PluginManage:359 - Loaded plugin ddr (category:tool,tabindex:6)
2023-06-13 10:25:26,557 [INFO] PluginManage:310 - Check plugin filemanager
2023-06-13 10:25:26,868 [INFO] PluginManage:359 - Loaded plugin filemanager (category:base,tabindex:10)
2023-06-13 10:25:26,898 [INFO] PluginManage:310 - Check plugin ipmanager
2023-06-13 10:25:26,913 [INFO] PluginManage:359 - Loaded plugin ipmanager (category:base,tabindex:5)
2023-06-13 10:25:26,913 [INFO] PluginManage:310 - Check plugin lpbam
2023-06-13 10:25:26,933 [INFO] PluginManage:359 - Loaded plugin lpbam (category:base,tabindex:0)
2023-06-13 10:25:26,933 [INFO] PluginManage:310 - Check plugin pinoutandconfiguration
2023-06-13 10:25:26,973 [INFO] PluginManage:359 - Loaded plugin pinoutandconfiguration (category:base,tabindex:1)
2023-06-13 10:25:26,973 [INFO] PluginManage:310 - Check plugin pinoutconfig
2023-06-13 10:25:27,146 [WARN] SupportedApi:132 - Cannot load RTOS API schema: s4s-elt-must-match.1: The content of 'definitions' must match (annotation?, (simpleType | complexType)?, (unique | key | keyref)*)). A problem was found starting at: attribute.
2023-06-13 10:25:27,427 [INFO] PluginManage:359 - Loaded plugin pinoutconfig (category:base,tabindex:0)
2023-06-13 10:25:27,427 [INFO] PluginManage:310 - Check plugin power
2023-06-13 10:25:27,473 [INFO] PluginManage:359 - Loaded plugin power (category:power,tabindex:4)
2023-06-13 10:25:27,473 [INFO] PluginManage:310 - Check plugin projectmanager
2023-06-13 10:25:27,555 [INFO] PluginManage:359 - Loaded plugin projectmanager (category:projectmanager,tabindex:3)
2023-06-13 10:25:27,555 [INFO] PluginManage:310 - Check plugin thirdparty
2023-06-13 10:25:28,203 [WARN] IntegrityCheckThread:84 - waiting for thirdparty lock release [integrity check]
2023-06-13 10:25:28,203 [INFO] PluginManage:359 - Loaded plugin thirdparty (category:base,tabindex:-1)
2023-06-13 10:25:28,203 [INFO] IntegrityCheckThread:86 - entering critical section [integrity check]
2023-06-13 10:25:28,203 [INFO] PluginManage:310 - Check plugin tools
2023-06-13 10:25:28,203 [INFO] ThirdPartyUpdaterWithRetryManager:70 - Updater plugin not ready yet. [1/15]
2023-06-13 10:25:28,266 [INFO] PluginManage:359 - Loaded plugin tools (category:base,tabindex:7)
2023-06-13 10:25:28,266 [INFO] PluginManage:310 - Check plugin tutovideos
2023-06-13 10:25:28,706 [INFO] PluginManage:359 - Loaded plugin tutovideos (category:base,tabindex:-1)
2023-06-13 10:25:28,706 [INFO] PluginManage:310 - Check plugin updater
2023-06-13 10:25:28,748 [INFO] PluginManage:359 - Loaded plugin updater (category:base,tabindex:12)
2023-06-13 10:25:28,748 [INFO] PluginManage:283 - PluginManage : Loaded plugins [15]
2023-06-13 10:25:29,513 [INFO] PinOutPanel:1499 - setPackage(No Configuration,No Configuration)
2023-06-13 10:25:29,689 [INFO] CADModel:165 - CPN selected for project level
2023-06-13 10:25:29,689 [INFO] CADModel:114 - Register for checkConnection events
2023-06-13 10:25:29,772 [INFO] IPUIPlugin:80 - create IPUIPlugin
2023-06-13 10:25:29,774 [INFO] PluginManager:220 - loadIPPluginJar : add adc
2023-06-13 10:25:29,867 [INFO] IPUIPlugin:80 - create IPUIPlugin
2023-06-13 10:25:29,867 [INFO] PluginManager:220 - loadIPPluginJar : add aes
2023-06-13 10:25:29,932 [INFO] IPUIPlugin:80 - create IPUIPlugin
2023-06-13 10:25:29,937 [INFO] PluginManager:220 - loadIPPluginJar : add can
2023-06-13 10:25:29,968 [INFO] IPUIPlugin:80 - create IPUIPlugin
2023-06-13 10:25:29,968 [INFO] PluginManager:220 - loadIPPluginJar : add comp
2023-06-13 10:25:30,018 [INFO] IPUIPlugin:80 - create IPUIPlugin
2023-06-13 10:25:30,018 [INFO] PluginManager:220 - loadIPPluginJar : add cryp
2023-06-13 10:25:30,058 [INFO] IPUIPlugin:80 - create IPUIPlugin
2023-06-13 10:25:30,058 [INFO] PluginManager:220 - loadIPPluginJar : add dfsdm
2023-06-13 10:25:30,078 [INFO] IPUIPlugin:80 - create IPUIPlugin
2023-06-13 10:25:30,078 [INFO] PluginManager:220 - loadIPPluginJar : add dma
2023-06-13 10:25:30,128 [INFO] IPUIPlugin:80 - create IPUIPlugin
2023-06-13 10:25:30,128 [INFO] PluginManager:220 - loadIPPluginJar : add dma3
2023-06-13 10:25:30,158 [INFO] IPUIPlugin:80 - create IPUIPlugin
2023-06-13 10:25:30,158 [INFO] PluginManager:220 - loadIPPluginJar : add fatfs
2023-06-13 10:25:30,218 [INFO] IPUIPlugin:80 - create IPUIPlugin
2023-06-13 10:25:30,218 [INFO] PluginManager:220 - loadIPPluginJar : add fmc
2023-06-13 10:25:30,238 [INFO] IPUIPlugin:80 - create IPUIPlugin
2023-06-13 10:25:30,238 [INFO] PluginManager:220 - loadIPPluginJar : add freertos
2023-06-13 10:25:30,258 [INFO] IPUIPlugin:80 - create IPUIPlugin
2023-06-13 10:25:30,258 [INFO] PluginManager:220 - loadIPPluginJar : add genericplugin
2023-06-13 10:25:30,368 [INFO] IPUIPlugin:80 - create IPUIPlugin
2023-06-13 10:25:30,368 [INFO] PluginManager:220 - loadIPPluginJar : add gfxmmu
2023-06-13 10:25:30,528 [INFO] IPUIPlugin:80 - create IPUIPlugin
2023-06-13 10:25:30,528 [INFO] PluginManager:220 - loadIPPluginJar : add gic
2023-06-13 10:25:30,548 [INFO] IPUIPlugin:80 - create IPUIPlugin
2023-06-13 10:25:30,548 [INFO] PluginManager:220 - loadIPPluginJar : add gpio
2023-06-13 10:25:30,649 [INFO] IPUIPlugin:80 - create IPUIPlugin
2023-06-13 10:25:30,649 [INFO] PluginManager:220 - loadIPPluginJar : add gtzc
2023-06-13 10:25:30,688 [INFO] IPUIPlugin:80 - create IPUIPlugin
2023-06-13 10:25:30,688 [INFO] PluginManager:220 - loadIPPluginJar : add hash
2023-06-13 10:25:30,748 [INFO] IPUIPlugin:80 - create IPUIPlugin
2023-06-13 10:25:30,748 [INFO] PluginManager:220 - loadIPPluginJar : add i2c
2023-06-13 10:25:30,798 [INFO] IPUIPlugin:80 - create IPUIPlugin
2023-06-13 10:25:30,798 [INFO] PluginManager:220 - loadIPPluginJar : add i2s
2023-06-13 10:25:30,848 [INFO] IPUIPlugin:80 - create IPUIPlugin
2023-06-13 10:25:30,848 [INFO] PluginManager:220 - loadIPPluginJar : add i3c
2023-06-13 10:25:30,984 [INFO] IPUIPlugin:80 - create IPUIPlugin
2023-06-13 10:25:30,984 [INFO] PluginManager:220 - loadIPPluginJar : add ipddr
2023-06-13 10:25:31,094 [INFO] IPUIPlugin:80 - create IPUIPlugin
2023-06-13 10:25:31,094 [INFO] PluginManager:220 - loadIPPluginJar : add linkedlist
2023-06-13 10:25:31,134 [INFO] IPUIPlugin:80 - create IPUIPlugin
2023-06-13 10:25:31,134 [INFO] PluginManager:220 - loadIPPluginJar : add lorawan
2023-06-13 10:25:31,184 [INFO] IPUIPlugin:80 - create IPUIPlugin
2023-06-13 10:25:31,184 [INFO] PluginManager:220 - loadIPPluginJar : add ltdc
2023-06-13 10:25:31,204 [INFO] IPUIPlugin:80 - create IPUIPlugin
2023-06-13 10:25:31,204 [INFO] PluginManager:220 - loadIPPluginJar : add mdma
2023-06-13 10:25:31,214 [INFO] ThirdPartyUpdaterWithRetryManager:70 - Updater plugin not ready yet. [2/15]
2023-06-13 10:25:31,214 [INFO] IPUIPlugin:80 - create IPUIPlugin
2023-06-13 10:25:31,214 [INFO] PluginManager:220 - loadIPPluginJar : add nvic
2023-06-13 10:25:31,264 [INFO] IPUIPlugin:80 - create IPUIPlugin
2023-06-13 10:25:31,264 [INFO] PluginManager:220 - loadIPPluginJar : add opamp
2023-06-13 10:25:31,334 [INFO] IPUIPlugin:80 - create IPUIPlugin
2023-06-13 10:25:31,334 [INFO] PluginManager:220 - loadIPPluginJar : add openamp
2023-06-13 10:25:31,384 [INFO] IPUIPlugin:80 - create IPUIPlugin
2023-06-13 10:25:31,384 [INFO] PluginManager:220 - loadIPPluginJar : add pdm2pcm
2023-06-13 10:25:31,404 [INFO] IPUIPlugin:80 - create IPUIPlugin
2023-06-13 10:25:31,414 [INFO] PluginManager:220 - loadIPPluginJar : add plateformsettings
2023-06-13 10:25:31,444 [INFO] IPUIPlugin:80 - create IPUIPlugin
2023-06-13 10:25:31,444 [INFO] PluginManager:220 - loadIPPluginJar : add quadspi
2023-06-13 10:25:31,489 [INFO] IPUIPlugin:80 - create IPUIPlugin
2023-06-13 10:25:31,489 [INFO] PluginManager:220 - loadIPPluginJar : add resmgrutility
2023-06-13 10:25:31,550 [INFO] IPUIPlugin:80 - create IPUIPlugin
2023-06-13 10:25:31,550 [INFO] PluginManager:220 - loadIPPluginJar : add sai
2023-06-13 10:25:31,600 [INFO] IPUIPlugin:80 - create IPUIPlugin
2023-06-13 10:25:31,600 [INFO] PluginManager:220 - loadIPPluginJar : add spi
2023-06-13 10:25:31,670 [INFO] IPUIPlugin:80 - create IPUIPlugin
2023-06-13 10:25:31,670 [INFO] PluginManager:220 - loadIPPluginJar : add stm32_wpan
2023-06-13 10:25:31,700 [INFO] IPUIPlugin:80 - create IPUIPlugin
2023-06-13 10:25:31,700 [INFO] PluginManager:220 - loadIPPluginJar : add tim
2023-06-13 10:25:31,760 [INFO] IPUIPlugin:80 - create IPUIPlugin
2023-06-13 10:25:31,760 [INFO] PluginManager:220 - loadIPPluginJar : add touchsensing
2023-06-13 10:25:31,792 [INFO] IPUIPlugin:80 - create IPUIPlugin
2023-06-13 10:25:31,792 [INFO] PluginManager:220 - loadIPPluginJar : add tracer_emb
2023-06-13 10:25:31,822 [INFO] IPUIPlugin:80 - create IPUIPlugin
2023-06-13 10:25:31,822 [INFO] PluginManager:220 - loadIPPluginJar : add ts
2023-06-13 10:25:31,842 [INFO] IPUIPlugin:80 - create IPUIPlugin
2023-06-13 10:25:31,842 [INFO] PluginManager:220 - loadIPPluginJar : add tsc
2023-06-13 10:25:31,872 [INFO] IPUIPlugin:80 - create IPUIPlugin
2023-06-13 10:25:31,872 [INFO] PluginManager:220 - loadIPPluginJar : add ucpd
2023-06-13 10:25:31,932 [INFO] IPUIPlugin:80 - create IPUIPlugin
2023-06-13 10:25:31,932 [INFO] PluginManager:220 - loadIPPluginJar : add usart
2023-06-13 10:25:31,982 [INFO] IPUIPlugin:80 - create IPUIPlugin
2023-06-13 10:25:31,982 [INFO] PluginManager:220 - loadIPPluginJar : add usbx
2023-06-13 10:25:32,180 [INFO] CADModel:165 - CPN selected for project level
2023-06-13 10:25:32,180 [INFO] CADModel:114 - Register for checkConnection events
2023-06-13 10:25:32,180 [FATAL] Updater:308 - Updater called before beeing initialized
2023-06-13 10:25:32,180 [ERROR] CADModel:125 - Updater not yet initialized, retry later 
2023-06-13 10:25:32,508 [INFO] CADModel:165 - CPN selected for project level
2023-06-13 10:25:32,508 [INFO] CADModel:114 - Register for checkConnection events
2023-06-13 10:25:32,508 [FATAL] Updater:308 - Updater called before beeing initialized
2023-06-13 10:25:32,508 [ERROR] CADModel:125 - Updater not yet initialized, retry later 
2023-06-13 10:25:32,518 [FATAL] Updater:308 - Updater called before beeing initialized
2023-06-13 10:25:32,812 [FATAL] Updater:308 - Updater called before beeing initialized
2023-06-13 10:25:32,835 [INFO] DbMcusAds:53 - JSON generation date=Tue Mar 07 14:50:55 ALMT 2023 (1678179055335)
2023-06-13 10:25:32,835 [FATAL] Updater:308 - Updater called before beeing initialized
2023-06-13 10:25:32,956 [WARN] DetailPanel:346 - Failed to get advertising image, set to default
2023-06-13 10:25:33,208 [FATAL] Updater:308 - Updater called before beeing initialized
2023-06-13 10:25:33,209 [FATAL] Updater:308 - Updater called before beeing initialized
2023-06-13 10:25:33,209 [FATAL] Updater:308 - Updater called before beeing initialized
2023-06-13 10:25:33,209 [WARN] DetailPanel:346 - Failed to get advertising image, set to default
2023-06-13 10:25:33,209 [FATAL] Updater:308 - Updater called before beeing initialized
2023-06-13 10:25:33,316 [ERROR] Updater:1120 - MainUpdater not yet initialized. External WinMGr cannot be set.
2023-06-13 10:25:33,326 [INFO] Updater:1056 - Updater Version found : 6.8.1
2023-06-13 10:25:33,366 [INFO] ApplicationProperties:184 - Using Application install path: C:\ST\STM32CubeIDE_1.12.0\STM32CubeIDE\plugins\com.st.stm32cube.common.mx_6.8.1.202304191431
2023-06-13 10:25:34,002 [INFO] MainUpdater:2854 - connection check result : 10
2023-06-13 10:25:34,002 [INFO] MainUpdater:3548 - Updater definition file requires update
2023-06-13 10:25:34,005 [INFO] MainUpdater:283 - Updater Check For Update Now.
2023-06-13 10:25:34,007 [INFO] MicroXplorer:498 - Change Database Version : DB.6.0.81
2023-06-13 10:25:34,225 [WARN] MainUpdater:1187 - Updater busy. Cannot search thirdparties
2023-06-13 10:25:34,226 [INFO] ThirdPartyUpdaterWithRetryManager:96 - Updater plugin is busy. [1/15]
2023-06-13 10:25:34,282 [INFO] ServerAccessManage:473 - Download File updaters.zip
2023-06-13 10:25:34,551 [INFO] FileExtend:240 - Unzip File : updaters.zip
2023-06-13 10:25:34,551 [INFO] FileExtend:255 - Standard Zip Deflate
2023-06-13 10:25:35,508 [INFO] ServerAccessManage:473 - Download File PacksControlFlags.xml
2023-06-13 10:25:35,772 [INFO] ServerAccessManage:473 - Download File cubemx.pidx
2023-06-13 10:25:36,081 [INFO] LoadServerUpdatesThread:373 - End of LoadServerUpdate Thread
2023-06-13 10:25:36,507 [INFO] CheckServerUpdateThread:120 - End of CheckServer Thread
2023-06-13 10:25:36,577 [INFO] MainUpdater:2854 - connection check result : 10
2023-06-13 10:25:37,235 [WARN] MainUpdater:1187 - Updater busy. Cannot search thirdparties
2023-06-13 10:25:37,235 [INFO] ThirdPartyUpdaterWithRetryManager:96 - Updater plugin is busy. [2/15]
2023-06-13 10:25:37,404 [ERROR] LogOutputStream:75 - [STDERR_REDIRECT] Jun 13, 2023 10:25:37 AM java.util.prefs.WindowsPreferences openKey
2023-06-13 10:25:37,404 [ERROR] LogOutputStream:75 - [STDERR_REDIRECT] WARNING: Could not open windows registry node Software\JavaSoft\Prefs at root 0xffffffff80000002. Windows RegOpenKey(...) returned error code 5.
2023-06-13 10:25:37,404 [ERROR] LogOutputStream:75 - [STDERR_REDIRECT] 
2023-06-13 10:25:37,711 [INFO] CheckServerUpdateThread:120 - End of CheckServer Thread
2023-06-13 10:25:40,244 [WARN] MainUpdater:1187 - Updater busy. Cannot search thirdparties
2023-06-13 10:25:40,244 [INFO] ThirdPartyUpdaterWithRetryManager:96 - Updater plugin is busy. [3/15]
2023-06-13 10:25:43,254 [WARN] MainUpdater:1187 - Updater busy. Cannot search thirdparties
2023-06-13 10:25:43,254 [INFO] ThirdPartyUpdaterWithRetryManager:96 - Updater plugin is busy. [4/15]
2023-06-13 10:25:43,294 [INFO] ServerAccessManage:473 - Download File updaters.zip
2023-06-13 10:25:43,622 [INFO] FileExtend:240 - Unzip File : updaters.zip
2023-06-13 10:25:43,622 [INFO] FileExtend:255 - Standard Zip Deflate
2023-06-13 10:25:44,161 [INFO] ServerAccessManage:473 - Download File PacksControlFlags.xml
2023-06-13 10:25:44,279 [INFO] ServerAccessManage:473 - Download File cubemx.pidx
2023-06-13 10:25:44,342 [INFO] LoadServerUpdatesThread:373 - End of LoadServerUpdate Thread
2023-06-13 10:25:44,800 [INFO] CheckServerUpdateThread:120 - End of CheckServer Thread
2023-06-13 10:25:46,693 [WARN] PackLoader:240 - Cannot read IP mode file for STMicroelectronics.X-CUBE-GNSS1.6.0.0
2023-06-13 10:25:46,792 [WARN] PackLoader:240 - Cannot read IP mode file for STMicroelectronics.X-CUBE-AZRTOS-F4.1.1.0
2023-06-13 10:25:46,834 [WARN] PackLoader:240 - Cannot read IP mode file for STMicroelectronics.X-CUBE-SMBUS.2.1.0
2023-06-13 10:25:46,860 [WARN] PackLoader:240 - Cannot read IP mode file for wolfSSL.I-CUBE-wolfSSL.5.6.0
2023-06-13 10:25:46,927 [WARN] PackLoader:240 - Cannot read IP mode file for STMicroelectronics.X-CUBE-AZRTOS-F7.1.1.0
2023-06-13 10:25:47,106 [WARN] PackLoader:240 - Cannot read IP mode file for STMicroelectronics.X-CUBE-MEMS1.9.6.0
2023-06-13 10:25:47,508 [ERROR] RealEvaluatedCondition:428 - Found unsupported composite condition: CLASS='Data Exchange' GROUP='STM32_MetaDataManager'
2023-06-13 10:25:47,508 [ERROR] RealEvaluatedCondition:428 - Found unsupported composite condition: CLASS='Data Exchange' GROUP='STM32_MetaDataManager'
2023-06-13 10:25:47,508 [WARN] PackLoader:240 - Cannot read IP mode file for STMicroelectronics.FP-SNS-MOTENV1.4.3.1
2023-06-13 10:25:47,536 [WARN] PackLoader:240 - Cannot read IP mode file for STMicroelectronics.FP-SNS-FLIGHT1.5.0.1
2023-06-13 10:25:47,558 [WARN] PackLoader:240 - Cannot read IP mode file for STMicroelectronics.X-CUBE-BLE1.6.2.4
2023-06-13 10:25:47,590 [WARN] PackLoader:240 - Cannot read IP mode file for emotas.I-CUBE-CANOPEN.1.1.3
2023-06-13 10:25:47,658 [WARN] PackLoader:240 - Cannot read IP mode file for STMicroelectronics.X-CUBE-BLEMGR.2.0.0
2023-06-13 10:25:47,726 [WARN] ConditionMgr:438 - getConditionDescription Invalid condition id : UX DEVICE CLASS RTOS Condition cause : null
2023-06-13 10:25:47,726 [WARN] ConditionMgr:438 - getConditionDescription Invalid condition id : UX DEVICE CLASS RTOS Condition cause : null
2023-06-13 10:25:47,746 [WARN] PackLoader:240 - Cannot read IP mode file for STMicroelectronics.X-CUBE-AZRTOS-H7.3.1.0
2023-06-13 10:25:47,746 [WARN] ConditionMgr:1039 - genDependencies : Invalid condition id : UX DEVICE CLASS RTOS Condition cause : null
2023-06-13 10:25:47,746 [WARN] ConditionMgr:1039 - genDependencies : Invalid condition id : UX DEVICE CLASS RTOS Condition cause : null
2023-06-13 10:25:47,746 [WARN] ConditionMgr:1039 - genDependencies : Invalid condition id : UX DEVICE CLASS RTOS Condition cause : null
2023-06-13 10:25:47,746 [WARN] ConditionMgr:1039 - genDependencies : Invalid condition id : UX DEVICE CLASS RTOS Condition cause : null
2023-06-13 10:25:47,746 [WARN] ConditionMgr:1039 - genDependencies : Invalid condition id : UX DEVICE CLASS RTOS Condition cause : null
2023-06-13 10:25:47,806 [WARN] PackLoader:240 - Cannot read IP mode file for STMicroelectronics.X-CUBE-DISPLAY.3.0.0
2023-06-13 10:25:47,848 [WARN] PackLoader:240 - Cannot read IP mode file for STMicroelectronics.X-CUBE-NFC7.1.0.0
2023-06-13 10:25:47,877 [WARN] PackLoader:240 - Cannot read IP mode file for STMicroelectronics.X-CUBE-EEPRMA1.4.1.0
2023-06-13 10:25:47,945 [WARN] ConditionMgr:438 - getConditionDescription Invalid condition id : LAN8742 Phy interface Condition cause : null
2023-06-13 10:25:47,945 [WARN] PackLoader:240 - Cannot read IP mode file for STMicroelectronics.X-CUBE-AZRTOS-L4.2.0.0
2023-06-13 10:25:47,952 [WARN] ConditionMgr:1039 - genDependencies : Invalid condition id : LAN8742 Phy interface Condition cause : null
2023-06-13 10:25:47,955 [WARN] ConditionMgr:1039 - genDependencies : Invalid condition id : LAN8742 Phy interface Condition cause : null
2023-06-13 10:25:47,956 [WARN] ConditionMgr:1039 - genDependencies : Invalid condition id : LAN8742 Phy interface Condition cause : null
2023-06-13 10:25:47,986 [WARN] PackLoader:240 - Cannot read IP mode file for WES.I-CUBE-Cesium.1.3.0
2023-06-13 10:25:48,015 [WARN] PackLoader:240 - Cannot read IP mode file for STMicroelectronics.X-CUBE-SFXS2LP1.4.0.0
2023-06-13 10:25:48,044 [WARN] PackLoader:240 - Cannot read IP mode file for STMicroelectronics.X-CUBE-BLE2.3.3.0
2023-06-13 10:25:48,070 [WARN] PackLoader:240 - Cannot read IP mode file for STMicroelectronics.X-CUBE-ISPU.1.1.0
2023-06-13 10:25:48,094 [WARN] PackLoader:240 - Cannot read IP mode file for STMicroelectronics.X-CUBE-AI.8.0.0
2023-06-13 10:25:48,119 [WARN] PackLoader:240 - Cannot read IP mode file for STMicroelectronics.X-CUBE-FREERTOS.1.0.1
2023-06-13 10:25:48,146 [WARN] PackLoader:240 - Cannot read IP mode file for STMicroelectronics.X-CUBE-TOUCHGFX.4.21.3
2023-06-13 10:25:48,169 [WARN] PackLoader:240 - Cannot read IP mode file for STMicroelectronics.X-CUBE-TOUCHGFX.4.21.4
2023-06-13 10:25:48,191 [WARN] PackLoader:240 - Cannot read IP mode file for STMicroelectronics.X-CUBE-ALGOBUILD.1.3.0
2023-06-13 10:25:48,247 [WARN] PackLoader:240 - Cannot read IP mode file for STMicroelectronics.X-CUBE-AZRTOS-L5.1.1.0
2023-06-13 10:25:48,314 [WARN] PackLoader:240 - Cannot read IP mode file for STMicroelectronics.X-CUBE-AZRTOS-G0.1.1.0
2023-06-13 10:25:48,338 [WARN] PackLoader:240 - Cannot read IP mode file for STMicroelectronics.X-CUBE-AI.8.0.1
2023-06-13 10:25:48,362 [WARN] PackLoader:240 - Cannot read IP mode file for STMicroelectronics.X-CUBE-SUBG2.5.0.0
2023-06-13 10:25:48,395 [WARN] PackLoader:240 - Cannot read IP mode file for STMicroelectronics.X-CUBE-NFC4.3.0.0
2023-06-13 10:25:48,439 [WARN] PackLoader:240 - Cannot read IP mode file for STMicroelectronics.X-CUBE-AZRTOS-G4.2.0.0
2023-06-13 10:25:48,473 [WARN] PackLoader:240 - Cannot read IP mode file for STMicroelectronics.X-CUBE-TOF1.3.3.0
2023-06-13 10:25:48,505 [WARN] PackLoader:240 - Cannot read IP mode file for STMicroelectronics.FP-ATR-SIGFOX1.3.2.0
2023-06-13 10:25:48,564 [WARN] PackLoader:240 - Cannot read IP mode file for STMicroelectronics.X-CUBE-AZRTOS-L4.1.0.0
2023-06-13 10:25:48,610 [WARN] PackLoader:240 - Cannot read IP mode file for STMicroelectronics.X-CUBE-AZRTOS-WL.1.0.0
2023-06-13 10:25:48,647 [WARN] PackLoader:240 - Cannot read IP mode file for portGmbH.I-Cube-SoM-uGOAL.1.1.0
2023-06-13 10:25:48,667 [WARN] PackLoader:240 - Cannot read IP mode file for STMicroelectronics.X-CUBE-ALS.1.0.1
2023-06-13 10:25:48,710 [WARN] PackLoader:240 - Cannot read IP mode file for STMicroelectronics.X-CUBE-AZRTOS-WB.1.1.0
2023-06-13 10:25:48,796 [WARN] PackLoader:240 - Cannot read IP mode file for SEGGER.I-CUBE-embOS.1.3.1
2023-06-13 10:25:48,902 [WARN] PackLoader:240 - Cannot read IP mode file for STMicroelectronics.FP-ATR-ASTRA1.2.0.0
2023-06-13 10:25:48,910 [INFO] ThirdParty:978 - Integrity check success = true
2023-06-13 10:25:48,910 [INFO] IntegrityCheckThread:100 - exiting critical section [integrity check]
2023-06-13 10:25:48,910 [INFO] IntegrityCheckThread:103 - End integrity checks thread
2023-06-13 10:26:04,474 [ERROR] LogOutputStream:75 - [STDERR_REDIRECT] 
