2023-05-11 08:28:11,225 [INFO] Activator:176 - 


2023-05-11 08:28:11,234 [INFO] Activator:177 - !SESSION log4j initialized
2023-05-11 08:28:18,650 [INFO] LogOutputStream:77 - [STDOUT_REDIRECT] 
2023-05-11 08:28:42,279 [ERROR] LogOutputStream:75 - [STDERR_REDIRECT] SLF4J: Failed to load class "org.slf4j.impl.StaticLoggerBinder".
2023-05-11 08:28:42,279 [ERROR] LogOutputStream:75 - [STDERR_REDIRECT] SLF4J: Defaulting to no-operation (NOP) logger implementation
2023-05-11 08:28:42,289 [ERROR] LogOutputStream:75 - [STDERR_REDIRECT] SLF4J: See http://www.slf4j.org/codes.html#StaticLoggerBinder for further details.
2023-05-11 08:31:09,627 [INFO] Activator:176 - 


2023-05-11 08:31:09,627 [INFO] Activator:177 - !SESSION log4j initialized
2023-05-11 08:31:14,743 [INFO] LogOutputStream:77 - [STDOUT_REDIRECT] 
2023-05-11 08:31:38,757 [ERROR] LogOutputStream:75 - [STDERR_REDIRECT] SLF4J: Failed to load class "org.slf4j.impl.StaticLoggerBinder".
2023-05-11 08:31:38,757 [ERROR] LogOutputStream:75 - [STDERR_REDIRECT] SLF4J: Defaulting to no-operation (NOP) logger implementation
2023-05-11 08:31:38,774 [ERROR] LogOutputStream:75 - [STDERR_REDIRECT] SLF4J: See http://www.slf4j.org/codes.html#StaticLoggerBinder for further details.
2023-05-11 08:32:00,275 [INFO] ApplicationProperties:184 - Using Application install path: C:\ST\STM32CubeIDE_1.12.0\STM32CubeIDE\plugins\com.st.stm32cube.common.mx_6.8.1.202304191431
2023-05-11 08:32:00,445 [INFO] DbMcusXml:78 - Set database path to: C:\ST\STM32CubeIDE_1.12.0\STM32CubeIDE\plugins\com.st.stm32cube.common.mx_6.8.1.202304191431\\db\/mcu/
2023-05-11 08:32:00,446 [INFO] ApiDb:274 - Set plugin database path to: C:\ST\STM32CubeIDE_1.12.0\STM32CubeIDE\plugins\com.st.stm32cube.common.mx_6.8.1.202304191431\\db\/plugins/boardmanager/
2023-05-11 08:32:00,475 [WARN] ApiDb:259 - Overriding images path with different value:  => C:\ST\STM32CubeIDE_1.12.0\STM32CubeIDE\plugins\com.st.stm32cube.common.mx_6.8.1.202304191431\\db\/plugins/mcufinder/images/
2023-05-11 08:32:07,264 [INFO] ApiDb:250 - Set database path to: C:\Users\InnovusSollertia\.stmcufinder\plugins\mcufinder//mcu/
2023-05-11 08:32:07,277 [INFO] DbMcusAds:125 - Set database path to: C:\Users\InnovusSollertia\.stmcufinder\plugins\mcufinder//mcu/
2023-05-11 08:32:07,291 [INFO] CrossReferenceDbSqlite:203 - Set database path to: C:\Users\InnovusSollertia\.stmcufinder\plugins\mcufinder//mcu/cs/
2023-05-11 08:32:07,658 [INFO] RulesReader:64 - Compatibility file has been processed (293 Rules)
2023-05-11 08:32:07,963 [INFO] DbMcusXml:78 - Set database path to: C:\ST\STM32CubeIDE_1.12.0\STM32CubeIDE\plugins\com.st.stm32cube.common.mx_6.8.1.202304191431\\db\/mcu/
2023-05-11 08:32:07,964 [INFO] ApiDb:274 - Set plugin database path to: C:\ST\STM32CubeIDE_1.12.0\STM32CubeIDE\plugins\com.st.stm32cube.common.mx_6.8.1.202304191431\\db\/plugins/boardmanager/
2023-05-11 08:32:07,965 [INFO] ApiDb:261 - Set plugin images path to: C:\ST\STM32CubeIDE_1.12.0\STM32CubeIDE\plugins\com.st.stm32cube.common.mx_6.8.1.202304191431\\db\/plugins/mcufinder/images/
2023-05-11 08:32:07,975 [WARN] DbFile:41 - Overriding database path with different value: C:\Users\InnovusSollertia\.stmcufinder\plugins\mcufinder/ => C:\Users\InnovusSollertia\.stmcufinder\plugins\mcufinder
2023-05-11 08:32:07,975 [INFO] ApiDb:250 - Set database path to: C:\Users\InnovusSollertia\.stmcufinder\plugins\mcufinder//mcu/
2023-05-11 08:32:07,975 [WARN] DbFile:41 - Overriding database path with different value: C:\Users\InnovusSollertia\.stmcufinder\plugins\mcufinder/ => C:\Users\InnovusSollertia\.stmcufinder\plugins\mcufinder
2023-05-11 08:32:07,975 [INFO] DbMcusAds:125 - Set database path to: C:\Users\InnovusSollertia\.stmcufinder\plugins\mcufinder//mcu/
2023-05-11 08:32:07,975 [WARN] DbFile:41 - Overriding database path with different value: C:\Users\InnovusSollertia\.stmcufinder\plugins\mcufinder/ => C:\Users\InnovusSollertia\.stmcufinder\plugins\mcufinder
2023-05-11 08:32:07,975 [WARN] DbFile:41 - Overriding database path with different value: C:\Users\InnovusSollertia\.stmcufinder\plugins\mcufinder/ => C:\Users\InnovusSollertia\.stmcufinder\plugins\mcufinder
2023-05-11 08:32:07,975 [INFO] CrossReferenceDbSqlite:203 - Set database path to: C:\Users\InnovusSollertia\.stmcufinder\plugins\mcufinder//mcu/cs/
2023-05-11 08:32:08,194 [INFO] MainPanel:253 - HeapMemory: 307232768
2023-05-11 08:32:08,491 [INFO] DbMcusXml:78 - Set database path to: C:\ST\STM32CubeIDE_1.12.0\STM32CubeIDE\plugins\com.st.stm32cube.common.mx_6.8.1.202304191431\\db\/mcu/
2023-05-11 08:32:08,491 [INFO] ApiDb:274 - Set plugin database path to: C:\ST\STM32CubeIDE_1.12.0\STM32CubeIDE\plugins\com.st.stm32cube.common.mx_6.8.1.202304191431\\db\/plugins/boardmanager/
2023-05-11 08:32:08,491 [INFO] ApiDb:261 - Set plugin images path to: C:\ST\STM32CubeIDE_1.12.0\STM32CubeIDE\plugins\com.st.stm32cube.common.mx_6.8.1.202304191431\\db\/plugins/mcufinder/images/
2023-05-11 08:32:08,495 [WARN] DbFile:41 - Overriding database path with different value: C:\Users\InnovusSollertia\.stmcufinder\plugins\mcufinder/ => C:\Users\InnovusSollertia\.stmcufinder\plugins\mcufinder
2023-05-11 08:32:08,495 [INFO] ApiDb:250 - Set database path to: C:\Users\InnovusSollertia\.stmcufinder\plugins\mcufinder//mcu/
2023-05-11 08:32:08,495 [WARN] DbFile:41 - Overriding database path with different value: C:\Users\InnovusSollertia\.stmcufinder\plugins\mcufinder/ => C:\Users\InnovusSollertia\.stmcufinder\plugins\mcufinder
2023-05-11 08:32:08,495 [INFO] DbMcusAds:125 - Set database path to: C:\Users\InnovusSollertia\.stmcufinder\plugins\mcufinder//mcu/
2023-05-11 08:32:08,495 [WARN] DbFile:41 - Overriding database path with different value: C:\Users\InnovusSollertia\.stmcufinder\plugins\mcufinder/ => C:\Users\InnovusSollertia\.stmcufinder\plugins\mcufinder
2023-05-11 08:32:08,495 [WARN] DbFile:41 - Overriding database path with different value: C:\Users\InnovusSollertia\.stmcufinder\plugins\mcufinder/ => C:\Users\InnovusSollertia\.stmcufinder\plugins\mcufinder
2023-05-11 08:32:08,496 [INFO] CrossReferenceDbSqlite:203 - Set database path to: C:\Users\InnovusSollertia\.stmcufinder\plugins\mcufinder//mcu/cs/
2023-05-11 08:32:08,546 [INFO] ApplicationProperties:184 - Using Application install path: C:\ST\STM32CubeIDE_1.12.0\STM32CubeIDE\plugins\com.st.stm32cube.common.mx_6.8.1.202304191431
2023-05-11 08:32:08,550 [INFO] PluginManage:196 - Search for loadable plugins [exclusion list=, ]
2023-05-11 08:32:08,552 [INFO] PluginManage:310 - Check plugin analytics
2023-05-11 08:32:09,089 [INFO] AnalyticsPlugin:253 - Accepted Software Licenses: 
2023-05-11 08:32:09,093 [INFO] AnalyticsPlugin:255 - Accepted CMSIS Pack Licenses: 
2023-05-11 08:32:09,093 [INFO] AnalyticsPlugin:257 - Accepted Firmware Licenses: 
2023-05-11 08:32:09,132 [INFO] PluginManage:359 - Loaded plugin analytics (category:tool,tabindex:-1)
2023-05-11 08:32:09,142 [INFO] PluginManage:310 - Check plugin cadmodel
2023-05-11 08:32:09,174 [INFO] CADModel:105 - Init CAD model plugin
2023-05-11 08:32:09,174 [INFO] PluginManage:359 - Loaded plugin cadmodel (category:power,tabindex:5)
2023-05-11 08:32:09,174 [INFO] PluginManage:310 - Check plugin clock
2023-05-11 08:32:09,274 [INFO] PluginManage:359 - Loaded plugin clock (category:base,tabindex:2)
2023-05-11 08:32:09,274 [INFO] PluginManage:310 - Check plugin ddr
2023-05-11 08:32:09,287 [INFO] PluginManage:359 - Loaded plugin ddr (category:tool,tabindex:6)
2023-05-11 08:32:09,288 [INFO] PluginManage:310 - Check plugin filemanager
2023-05-11 08:32:10,321 [INFO] PluginManage:359 - Loaded plugin filemanager (category:base,tabindex:10)
2023-05-11 08:32:10,322 [INFO] PluginManage:310 - Check plugin ipmanager
2023-05-11 08:32:10,346 [INFO] PluginManage:359 - Loaded plugin ipmanager (category:base,tabindex:5)
2023-05-11 08:32:10,346 [INFO] PluginManage:310 - Check plugin lpbam
2023-05-11 08:32:10,413 [INFO] PluginManage:359 - Loaded plugin lpbam (category:base,tabindex:0)
2023-05-11 08:32:10,413 [INFO] PluginManage:310 - Check plugin pinoutandconfiguration
2023-05-11 08:32:10,485 [INFO] PluginManage:359 - Loaded plugin pinoutandconfiguration (category:base,tabindex:1)
2023-05-11 08:32:10,485 [INFO] PluginManage:310 - Check plugin pinoutconfig
2023-05-11 08:32:10,848 [WARN] SupportedApi:132 - Cannot load RTOS API schema: s4s-elt-must-match.1: The content of 'definitions' must match (annotation?, (simpleType | complexType)?, (unique | key | keyref)*)). A problem was found starting at: attribute.
2023-05-11 08:32:11,483 [INFO] PluginManage:359 - Loaded plugin pinoutconfig (category:base,tabindex:0)
2023-05-11 08:32:11,484 [INFO] PluginManage:310 - Check plugin power
2023-05-11 08:32:11,532 [INFO] PluginManage:359 - Loaded plugin power (category:power,tabindex:4)
2023-05-11 08:32:11,532 [INFO] PluginManage:310 - Check plugin projectmanager
2023-05-11 08:32:11,586 [INFO] PluginManage:359 - Loaded plugin projectmanager (category:projectmanager,tabindex:3)
2023-05-11 08:32:11,586 [INFO] PluginManage:310 - Check plugin thirdparty
2023-05-11 08:32:12,291 [INFO] PluginManage:359 - Loaded plugin thirdparty (category:base,tabindex:-1)
2023-05-11 08:32:12,292 [INFO] PluginManage:310 - Check plugin tools
2023-05-11 08:32:12,294 [WARN] IntegrityCheckThread:84 - waiting for thirdparty lock release [integrity check]
2023-05-11 08:32:12,296 [INFO] IntegrityCheckThread:86 - entering critical section [integrity check]
2023-05-11 08:32:12,304 [INFO] ThirdPartyUpdaterWithRetryManager:70 - Updater plugin not ready yet. [1/15]
2023-05-11 08:32:12,392 [INFO] PluginManage:359 - Loaded plugin tools (category:base,tabindex:7)
2023-05-11 08:32:12,392 [INFO] PluginManage:310 - Check plugin tutovideos
2023-05-11 08:32:12,960 [INFO] PluginManage:359 - Loaded plugin tutovideos (category:base,tabindex:-1)
2023-05-11 08:32:12,961 [INFO] PluginManage:310 - Check plugin updater
2023-05-11 08:32:13,012 [INFO] PluginManage:359 - Loaded plugin updater (category:base,tabindex:12)
2023-05-11 08:32:13,012 [INFO] PluginManage:283 - PluginManage : Loaded plugins [15]
2023-05-11 08:32:13,703 [INFO] PinOutPanel:1499 - setPackage(No Configuration,No Configuration)
2023-05-11 08:32:13,903 [INFO] CADModel:165 - CPN selected for project level
2023-05-11 08:32:13,903 [INFO] CADModel:114 - Register for checkConnection events
2023-05-11 08:32:13,977 [INFO] IPUIPlugin:80 - create IPUIPlugin
2023-05-11 08:32:13,977 [INFO] PluginManager:220 - loadIPPluginJar : add adc
2023-05-11 08:32:14,109 [INFO] IPUIPlugin:80 - create IPUIPlugin
2023-05-11 08:32:14,109 [INFO] PluginManager:220 - loadIPPluginJar : add aes
2023-05-11 08:32:14,181 [INFO] IPUIPlugin:80 - create IPUIPlugin
2023-05-11 08:32:14,181 [INFO] PluginManager:220 - loadIPPluginJar : add can
2023-05-11 08:32:14,217 [INFO] IPUIPlugin:80 - create IPUIPlugin
2023-05-11 08:32:14,217 [INFO] PluginManager:220 - loadIPPluginJar : add comp
2023-05-11 08:32:14,263 [INFO] IPUIPlugin:80 - create IPUIPlugin
2023-05-11 08:32:14,263 [INFO] PluginManager:220 - loadIPPluginJar : add cryp
2023-05-11 08:32:14,325 [INFO] IPUIPlugin:80 - create IPUIPlugin
2023-05-11 08:32:14,325 [INFO] PluginManager:220 - loadIPPluginJar : add dfsdm
2023-05-11 08:32:14,349 [INFO] IPUIPlugin:80 - create IPUIPlugin
2023-05-11 08:32:14,349 [INFO] PluginManager:220 - loadIPPluginJar : add dma
2023-05-11 08:32:14,462 [INFO] IPUIPlugin:80 - create IPUIPlugin
2023-05-11 08:32:14,462 [INFO] PluginManager:220 - loadIPPluginJar : add dma3
2023-05-11 08:32:14,493 [INFO] IPUIPlugin:80 - create IPUIPlugin
2023-05-11 08:32:14,493 [INFO] PluginManager:220 - loadIPPluginJar : add fatfs
2023-05-11 08:32:14,590 [INFO] IPUIPlugin:80 - create IPUIPlugin
2023-05-11 08:32:14,590 [INFO] PluginManager:220 - loadIPPluginJar : add fmc
2023-05-11 08:32:14,623 [INFO] IPUIPlugin:80 - create IPUIPlugin
2023-05-11 08:32:14,623 [INFO] PluginManager:220 - loadIPPluginJar : add freertos
2023-05-11 08:32:14,679 [INFO] IPUIPlugin:80 - create IPUIPlugin
2023-05-11 08:32:14,679 [INFO] PluginManager:220 - loadIPPluginJar : add genericplugin
2023-05-11 08:32:14,820 [INFO] IPUIPlugin:80 - create IPUIPlugin
2023-05-11 08:32:14,820 [INFO] PluginManager:220 - loadIPPluginJar : add gfxmmu
2023-05-11 08:32:15,023 [INFO] IPUIPlugin:80 - create IPUIPlugin
2023-05-11 08:32:15,023 [INFO] PluginManager:220 - loadIPPluginJar : add gic
2023-05-11 08:32:15,043 [INFO] IPUIPlugin:80 - create IPUIPlugin
2023-05-11 08:32:15,043 [INFO] PluginManager:220 - loadIPPluginJar : add gpio
2023-05-11 08:32:15,147 [INFO] IPUIPlugin:80 - create IPUIPlugin
2023-05-11 08:32:15,157 [INFO] PluginManager:220 - loadIPPluginJar : add gtzc
2023-05-11 08:32:15,189 [INFO] IPUIPlugin:80 - create IPUIPlugin
2023-05-11 08:32:15,189 [INFO] PluginManager:220 - loadIPPluginJar : add hash
2023-05-11 08:32:15,264 [INFO] IPUIPlugin:80 - create IPUIPlugin
2023-05-11 08:32:15,264 [INFO] PluginManager:220 - loadIPPluginJar : add i2c
2023-05-11 08:32:15,305 [INFO] ThirdPartyUpdaterWithRetryManager:70 - Updater plugin not ready yet. [2/15]
2023-05-11 08:32:15,326 [INFO] IPUIPlugin:80 - create IPUIPlugin
2023-05-11 08:32:15,326 [INFO] PluginManager:220 - loadIPPluginJar : add i2s
2023-05-11 08:32:15,378 [INFO] IPUIPlugin:80 - create IPUIPlugin
2023-05-11 08:32:15,378 [INFO] PluginManager:220 - loadIPPluginJar : add i3c
2023-05-11 08:32:15,575 [INFO] IPUIPlugin:80 - create IPUIPlugin
2023-05-11 08:32:15,575 [INFO] PluginManager:220 - loadIPPluginJar : add ipddr
2023-05-11 08:32:15,712 [INFO] IPUIPlugin:80 - create IPUIPlugin
2023-05-11 08:32:15,712 [INFO] PluginManager:220 - loadIPPluginJar : add linkedlist
2023-05-11 08:32:15,778 [INFO] IPUIPlugin:80 - create IPUIPlugin
2023-05-11 08:32:15,778 [INFO] PluginManager:220 - loadIPPluginJar : add lorawan
2023-05-11 08:32:15,821 [INFO] IPUIPlugin:80 - create IPUIPlugin
2023-05-11 08:32:15,821 [INFO] PluginManager:220 - loadIPPluginJar : add ltdc
2023-05-11 08:32:15,855 [INFO] IPUIPlugin:80 - create IPUIPlugin
2023-05-11 08:32:15,855 [INFO] PluginManager:220 - loadIPPluginJar : add mdma
2023-05-11 08:32:15,926 [INFO] IPUIPlugin:80 - create IPUIPlugin
2023-05-11 08:32:15,926 [INFO] PluginManager:220 - loadIPPluginJar : add nvic
2023-05-11 08:32:15,997 [INFO] IPUIPlugin:80 - create IPUIPlugin
2023-05-11 08:32:15,997 [INFO] PluginManager:220 - loadIPPluginJar : add opamp
2023-05-11 08:32:16,114 [INFO] IPUIPlugin:80 - create IPUIPlugin
2023-05-11 08:32:16,115 [INFO] PluginManager:220 - loadIPPluginJar : add openamp
2023-05-11 08:32:16,163 [INFO] IPUIPlugin:80 - create IPUIPlugin
2023-05-11 08:32:16,163 [INFO] PluginManager:220 - loadIPPluginJar : add pdm2pcm
2023-05-11 08:32:16,194 [INFO] IPUIPlugin:80 - create IPUIPlugin
2023-05-11 08:32:16,194 [INFO] PluginManager:220 - loadIPPluginJar : add plateformsettings
2023-05-11 08:32:16,214 [INFO] IPUIPlugin:80 - create IPUIPlugin
2023-05-11 08:32:16,214 [INFO] PluginManager:220 - loadIPPluginJar : add quadspi
2023-05-11 08:32:16,235 [INFO] IPUIPlugin:80 - create IPUIPlugin
2023-05-11 08:32:16,235 [INFO] PluginManager:220 - loadIPPluginJar : add resmgrutility
2023-05-11 08:32:16,312 [INFO] IPUIPlugin:80 - create IPUIPlugin
2023-05-11 08:32:16,312 [INFO] PluginManager:220 - loadIPPluginJar : add sai
2023-05-11 08:32:16,373 [INFO] IPUIPlugin:80 - create IPUIPlugin
2023-05-11 08:32:16,373 [INFO] PluginManager:220 - loadIPPluginJar : add spi
2023-05-11 08:32:16,503 [INFO] IPUIPlugin:80 - create IPUIPlugin
2023-05-11 08:32:16,503 [INFO] PluginManager:220 - loadIPPluginJar : add stm32_wpan
2023-05-11 08:32:16,543 [INFO] IPUIPlugin:80 - create IPUIPlugin
2023-05-11 08:32:16,544 [INFO] PluginManager:220 - loadIPPluginJar : add tim
2023-05-11 08:32:16,662 [INFO] IPUIPlugin:80 - create IPUIPlugin
2023-05-11 08:32:16,662 [INFO] PluginManager:220 - loadIPPluginJar : add touchsensing
2023-05-11 08:32:16,694 [INFO] IPUIPlugin:80 - create IPUIPlugin
2023-05-11 08:32:16,694 [INFO] PluginManager:220 - loadIPPluginJar : add tracer_emb
2023-05-11 08:32:16,737 [INFO] IPUIPlugin:80 - create IPUIPlugin
2023-05-11 08:32:16,737 [INFO] PluginManager:220 - loadIPPluginJar : add ts
2023-05-11 08:32:16,776 [INFO] IPUIPlugin:80 - create IPUIPlugin
2023-05-11 08:32:16,776 [INFO] PluginManager:220 - loadIPPluginJar : add tsc
2023-05-11 08:32:16,822 [INFO] IPUIPlugin:80 - create IPUIPlugin
2023-05-11 08:32:16,822 [INFO] PluginManager:220 - loadIPPluginJar : add ucpd
2023-05-11 08:32:16,914 [INFO] IPUIPlugin:80 - create IPUIPlugin
2023-05-11 08:32:16,915 [INFO] PluginManager:220 - loadIPPluginJar : add usart
2023-05-11 08:32:17,043 [INFO] IPUIPlugin:80 - create IPUIPlugin
2023-05-11 08:32:17,043 [INFO] PluginManager:220 - loadIPPluginJar : add usbx
2023-05-11 08:32:17,274 [INFO] CADModel:165 - CPN selected for project level
2023-05-11 08:32:17,274 [INFO] CADModel:114 - Register for checkConnection events
2023-05-11 08:32:17,274 [FATAL] Updater:308 - Updater called before beeing initialized
2023-05-11 08:32:17,274 [ERROR] CADModel:125 - Updater not yet initialized, retry later 
2023-05-11 08:32:17,674 [INFO] CADModel:165 - CPN selected for project level
2023-05-11 08:32:17,674 [INFO] CADModel:114 - Register for checkConnection events
2023-05-11 08:32:17,674 [FATAL] Updater:308 - Updater called before beeing initialized
2023-05-11 08:32:17,674 [ERROR] CADModel:125 - Updater not yet initialized, retry later 
2023-05-11 08:32:17,678 [FATAL] Updater:308 - Updater called before beeing initialized
2023-05-11 08:32:17,919 [FATAL] Updater:308 - Updater called before beeing initialized
2023-05-11 08:32:17,940 [INFO] DbMcusAds:53 - JSON generation date=Thu Sep 30 12:55:09 ALMT 2021 (1632984909247)
2023-05-11 08:32:17,940 [FATAL] Updater:308 - Updater called before beeing initialized
2023-05-11 08:32:18,103 [WARN] DetailPanel:346 - Failed to get advertising image, set to default
2023-05-11 08:32:18,310 [INFO] ThirdPartyUpdaterWithRetryManager:70 - Updater plugin not ready yet. [3/15]
2023-05-11 08:32:18,323 [FATAL] Updater:308 - Updater called before beeing initialized
2023-05-11 08:32:18,325 [FATAL] Updater:308 - Updater called before beeing initialized
2023-05-11 08:32:18,325 [FATAL] Updater:308 - Updater called before beeing initialized
2023-05-11 08:32:18,325 [WARN] DetailPanel:346 - Failed to get advertising image, set to default
2023-05-11 08:32:18,325 [FATAL] Updater:308 - Updater called before beeing initialized
2023-05-11 08:32:18,483 [ERROR] Updater:1120 - MainUpdater not yet initialized. External WinMGr cannot be set.
2023-05-11 08:32:18,494 [INFO] Updater:1056 - Updater Version found : 6.8.1
2023-05-11 08:32:18,524 [INFO] ApplicationProperties:184 - Using Application install path: C:\ST\STM32CubeIDE_1.12.0\STM32CubeIDE\plugins\com.st.stm32cube.common.mx_6.8.1.202304191431
2023-05-11 08:32:18,599 [INFO] MainUpdater:519 - Copy updater definitions from MX database
2023-05-11 08:32:18,993 [INFO] MainUpdater:2854 - connection check result : 10
2023-05-11 08:32:18,994 [INFO] MainUpdater:3548 - Updater definition file requires update
2023-05-11 08:32:18,997 [INFO] MainUpdater:283 - Updater Check For Update Now.
2023-05-11 08:32:18,997 [INFO] MicroXplorer:498 - Change Database Version : DB.6.0.81
2023-05-11 08:32:19,188 [INFO] ServerAccessManage:473 - Download File updaters.zip
2023-05-11 08:32:19,390 [INFO] FileExtend:240 - Unzip File : updaters.zip
2023-05-11 08:32:19,400 [INFO] FileExtend:255 - Standard Zip Deflate
2023-05-11 08:32:20,493 [INFO] ServerAccessManage:473 - Download File PacksControlFlags.xml
2023-05-11 08:32:20,747 [INFO] ServerAccessManage:473 - Download File cubemx.pidx
2023-05-11 08:32:21,190 [INFO] LoadServerUpdatesThread:373 - End of LoadServerUpdate Thread
2023-05-11 08:32:21,348 [WARN] MainUpdater:1187 - Updater busy. Cannot search thirdparties
2023-05-11 08:32:21,348 [INFO] ThirdPartyUpdaterWithRetryManager:96 - Updater plugin is busy. [1/15]
2023-05-11 08:32:21,673 [INFO] CheckServerUpdateThread:120 - End of CheckServer Thread
2023-05-11 08:32:21,730 [INFO] MainUpdater:2854 - connection check result : 10
2023-05-11 08:32:21,822 [INFO] MainUpdater:2854 - connection check result : 10
2023-05-11 08:32:22,410 [INFO] MicroXplorer:468 - Change Database Path : 
2023-05-11 08:32:22,410 [INFO] MicroXplorer:498 - Change Database Version : DB.6.0.81
2023-05-11 08:32:22,410 [WARN] ThirdParty:871 - waiting for thirdparty lock release [close project]
2023-05-11 08:32:24,655 [WARN] PackLoader:240 - Cannot read IP mode file for STMicroelectronics.X-CUBE-GNSS1.6.0.0
2023-05-11 08:32:24,730 [WARN] PackLoader:240 - Cannot read IP mode file for STMicroelectronics.X-CUBE-AZRTOS-F4.1.1.0
2023-05-11 08:32:24,770 [WARN] PackLoader:240 - Cannot read IP mode file for STMicroelectronics.X-CUBE-SMBUS.2.1.0
2023-05-11 08:32:24,797 [WARN] PackLoader:240 - Cannot read IP mode file for wolfSSL.I-CUBE-wolfSSL.5.6.0
2023-05-11 08:32:24,869 [WARN] PackLoader:240 - Cannot read IP mode file for STMicroelectronics.X-CUBE-AZRTOS-F7.1.1.0
2023-05-11 08:32:25,015 [WARN] PackLoader:240 - Cannot read IP mode file for STMicroelectronics.X-CUBE-MEMS1.9.6.0
2023-05-11 08:32:25,499 [WARN] PackLoader:240 - Cannot read IP mode file for STMicroelectronics.X-CUBE-BLE1.6.2.4
2023-05-11 08:32:25,559 [WARN] PackLoader:240 - Cannot read IP mode file for emotas.I-CUBE-CANOPEN.1.1.3
2023-05-11 08:32:25,595 [WARN] PackLoader:240 - Cannot read IP mode file for STMicroelectronics.X-CUBE-BLEMGR.2.0.0
2023-05-11 08:32:25,681 [WARN] ConditionMgr:438 - getConditionDescription Invalid condition id : UX DEVICE CLASS RTOS Condition cause : null
2023-05-11 08:32:25,681 [WARN] ConditionMgr:438 - getConditionDescription Invalid condition id : UX DEVICE CLASS RTOS Condition cause : null
2023-05-11 08:32:25,691 [WARN] PackLoader:240 - Cannot read IP mode file for STMicroelectronics.X-CUBE-AZRTOS-H7.3.1.0
2023-05-11 08:32:25,691 [WARN] ConditionMgr:1039 - genDependencies : Invalid condition id : UX DEVICE CLASS RTOS Condition cause : null
2023-05-11 08:32:25,694 [WARN] ConditionMgr:1039 - genDependencies : Invalid condition id : UX DEVICE CLASS RTOS Condition cause : null
2023-05-11 08:32:25,694 [WARN] ConditionMgr:1039 - genDependencies : Invalid condition id : UX DEVICE CLASS RTOS Condition cause : null
2023-05-11 08:32:25,694 [WARN] ConditionMgr:1039 - genDependencies : Invalid condition id : UX DEVICE CLASS RTOS Condition cause : null
2023-05-11 08:32:25,694 [WARN] ConditionMgr:1039 - genDependencies : Invalid condition id : UX DEVICE CLASS RTOS Condition cause : null
2023-05-11 08:32:25,726 [WARN] PackLoader:240 - Cannot read IP mode file for STMicroelectronics.X-CUBE-DISPLAY.3.0.0
2023-05-11 08:32:25,766 [WARN] PackLoader:240 - Cannot read IP mode file for STMicroelectronics.X-CUBE-NFC7.1.0.0
2023-05-11 08:32:25,790 [WARN] PackLoader:240 - Cannot read IP mode file for STMicroelectronics.X-CUBE-EEPRMA1.4.1.0
2023-05-11 08:32:25,819 [WARN] PackLoader:240 - Cannot read IP mode file for WES.I-CUBE-Cesium.1.3.0
2023-05-11 08:32:25,844 [WARN] PackLoader:240 - Cannot read IP mode file for STMicroelectronics.X-CUBE-SFXS2LP1.4.0.0
2023-05-11 08:32:25,871 [WARN] PackLoader:240 - Cannot read IP mode file for STMicroelectronics.X-CUBE-BLE2.3.3.0
2023-05-11 08:32:25,898 [WARN] PackLoader:240 - Cannot read IP mode file for STMicroelectronics.X-CUBE-ISPU.1.1.0
2023-05-11 08:32:25,916 [WARN] PackLoader:240 - Cannot read IP mode file for STMicroelectronics.X-CUBE-AI.8.0.0
2023-05-11 08:32:25,936 [WARN] PackLoader:240 - Cannot read IP mode file for STMicroelectronics.X-CUBE-FREERTOS.1.0.1
2023-05-11 08:32:25,962 [WARN] PackLoader:240 - Cannot read IP mode file for STMicroelectronics.X-CUBE-TOUCHGFX.4.21.3
2023-05-11 08:32:25,997 [WARN] PackLoader:240 - Cannot read IP mode file for STMicroelectronics.X-CUBE-ALGOBUILD.1.3.0
2023-05-11 08:32:26,051 [WARN] PackLoader:240 - Cannot read IP mode file for STMicroelectronics.X-CUBE-AZRTOS-L5.1.1.0
2023-05-11 08:32:26,116 [WARN] PackLoader:240 - Cannot read IP mode file for STMicroelectronics.X-CUBE-AZRTOS-G0.1.1.0
2023-05-11 08:32:26,161 [WARN] PackLoader:240 - Cannot read IP mode file for STMicroelectronics.X-CUBE-SUBG2.5.0.0
2023-05-11 08:32:26,209 [WARN] PackLoader:240 - Cannot read IP mode file for STMicroelectronics.X-CUBE-NFC4.3.0.0
2023-05-11 08:32:26,263 [WARN] PackLoader:240 - Cannot read IP mode file for STMicroelectronics.X-CUBE-AZRTOS-G4.2.0.0
2023-05-11 08:32:26,300 [WARN] PackLoader:240 - Cannot read IP mode file for STMicroelectronics.X-CUBE-TOF1.3.3.0
2023-05-11 08:32:26,340 [WARN] PackLoader:240 - Cannot read IP mode file for STMicroelectronics.FP-ATR-SIGFOX1.3.2.0
2023-05-11 08:32:26,396 [WARN] PackLoader:240 - Cannot read IP mode file for STMicroelectronics.X-CUBE-AZRTOS-L4.1.0.0
2023-05-11 08:32:26,456 [WARN] PackLoader:240 - Cannot read IP mode file for STMicroelectronics.X-CUBE-AZRTOS-WL.1.0.0
2023-05-11 08:32:26,487 [WARN] PackLoader:240 - Cannot read IP mode file for portGmbH.I-Cube-SoM-uGOAL.1.1.0
2023-05-11 08:32:26,507 [WARN] PackLoader:240 - Cannot read IP mode file for STMicroelectronics.X-CUBE-ALS.1.0.1
2023-05-11 08:32:26,557 [WARN] PackLoader:240 - Cannot read IP mode file for STMicroelectronics.X-CUBE-AZRTOS-WB.1.1.0
2023-05-11 08:32:26,645 [WARN] PackLoader:240 - Cannot read IP mode file for SEGGER.I-CUBE-embOS.1.3.1
2023-05-11 08:32:26,771 [WARN] PackLoader:240 - Cannot read IP mode file for STMicroelectronics.FP-ATR-ASTRA1.2.0.0
2023-05-11 08:32:26,773 [INFO] ThirdParty:978 - Integrity check success = true
2023-05-11 08:32:26,773 [INFO] IntegrityCheckThread:100 - exiting critical section [integrity check]
2023-05-11 08:32:26,773 [INFO] ThirdParty:873 - entering critical section [close project]
2023-05-11 08:32:26,773 [INFO] ThirdParty:883 - exiting critical section [close project]
2023-05-11 08:32:26,773 [INFO] IntegrityCheckThread:103 - End integrity checks thread
2023-05-11 08:32:26,781 [INFO] PinOutPanel:1499 - setPackage(No Configuration,No Configuration)
2023-05-11 08:32:26,788 [INFO] UtilMem:75 - Begin LoadConfig() Used Memory: 228112256 Bytes (428867584)
2023-05-11 08:32:28,819 [INFO] MicroXplorer:468 - Change Database Path : 
2023-05-11 08:32:28,821 [INFO] MicroXplorer:498 - Change Database Version : DB.6.0.81
2023-05-11 08:32:28,821 [INFO] OpenFileManager:308 - Change cursor
2023-05-11 08:32:28,953 [INFO] Mcu:1937 - Initializing MCU STM32H750VBTx STM32H750VBTx STM32H750VBT6
2023-05-11 08:32:38,732 [INFO] Context:659 - Trying to add GPIOservice into a context  which must be forbidden
2023-05-11 08:32:43,565 [INFO] Rule:228 - rule WakeUp0 Mode is applicable
2023-05-11 08:32:43,565 [INFO] Rule:228 - rule WakeUp0 SIGNAL is applicable
2023-05-11 08:32:43,565 [INFO] Rule:228 - rule WakeUp1 Mode is applicable
2023-05-11 08:32:43,565 [INFO] Rule:228 - rule WakeUp1 SIGNAL is applicable
2023-05-11 08:32:43,566 [INFO] Rule:228 - rule WakeUp2 Mode is applicable
2023-05-11 08:32:43,566 [INFO] Rule:228 - rule WakeUp2 SIGNAL is applicable
2023-05-11 08:32:43,566 [INFO] Rule:228 - rule WakeUp4 Mode is applicable
2023-05-11 08:32:43,566 [INFO] Rule:228 - rule WakeUp4 SIGNAL is applicable
2023-05-11 08:32:43,567 [INFO] Rule:228 - rule WakeUp5 Mode is applicable
2023-05-11 08:32:43,567 [INFO] Rule:228 - rule WakeUp5 SIGNAL is applicable
2023-05-11 08:32:43,567 [INFO] Rule:228 - rule Change Default Value for LSE Drive Capability for WB family is applicable
2023-05-11 08:32:43,573 [INFO] DbConfProperties:307 - Apply Compatibility (10/11 Rules)
2023-05-11 08:32:44,316 [INFO] RtosManager:555 - Registered RTOS mode: class=CMSIS, group=RTOS, mode=CMSIS_V1, owner=FREERTOS
2023-05-11 08:32:44,317 [INFO] RtosManager:555 - Registered RTOS mode: class=CMSIS, group=RTOS2, mode=CMSIS_V2, owner=FREERTOS
2023-05-11 08:32:44,317 [INFO] RtosManager:555 - Registered RTOS mode: class=RTOS, group=Core, mode=CMSIS_V1, owner=FREERTOS
2023-05-11 08:32:44,317 [INFO] RtosManager:555 - Registered RTOS mode: class=RTOS, group=Core, mode=CMSIS_V2, owner=FREERTOS
2023-05-11 08:32:44,317 [WARN] ModelIntegratedComponent:184 - Missing modes for component STMicroelectronics:FreeRTOS:0.0.1:STMicroelectronics:RTOS:FreeRTOS:Core:::10.2.0:
2023-05-11 08:32:44,345 [WARN] ModelIntegratedComponent:63 - No mode defined for component null
2023-05-11 08:32:44,345 [WARN] ModelIntegratedComponent:63 - No mode defined for component null
2023-05-11 08:32:44,345 [WARN] ModelIntegratedComponent:63 - No mode defined for component null
2023-05-11 08:32:44,346 [WARN] ModelIntegratedComponent:63 - No mode defined for component null
2023-05-11 08:32:44,346 [WARN] ModelIntegratedComponent:63 - No mode defined for component null
2023-05-11 08:32:44,346 [WARN] ModelIntegratedComponent:63 - No mode defined for component null
2023-05-11 08:32:44,346 [WARN] ModelIntegratedComponent:63 - No mode defined for component null
2023-05-11 08:32:44,346 [WARN] ModelIntegratedComponent:63 - No mode defined for component null
2023-05-11 08:32:44,346 [WARN] ModelIntegratedComponent:63 - No mode defined for component null
2023-05-11 08:32:44,346 [WARN] ModelIntegratedComponent:63 - No mode defined for component null
2023-05-11 08:32:44,347 [WARN] ModelIntegratedComponent:63 - No mode defined for component null
2023-05-11 08:32:44,347 [WARN] ModelIntegratedComponent:63 - No mode defined for component null
2023-05-11 08:32:44,347 [WARN] ModelIntegratedComponent:63 - No mode defined for component null
2023-05-11 08:32:44,347 [WARN] ModelIntegratedComponent:63 - No mode defined for component null
2023-05-11 08:32:44,347 [WARN] ModelIntegratedComponent:63 - No mode defined for component null
2023-05-11 08:32:44,348 [WARN] ModelIntegratedComponent:63 - No mode defined for component null
2023-05-11 08:32:44,348 [WARN] ModelIntegratedComponent:63 - No mode defined for component null
2023-05-11 08:32:44,348 [WARN] ModelIntegratedComponent:63 - No mode defined for component null
2023-05-11 08:32:44,348 [WARN] ModelIntegratedComponent:63 - No mode defined for component null
2023-05-11 08:32:44,348 [WARN] ModelIntegratedComponent:63 - No mode defined for component null
2023-05-11 08:32:44,348 [WARN] ModelIntegratedComponent:63 - No mode defined for component null
2023-05-11 08:32:44,348 [WARN] ModelIntegratedComponent:63 - No mode defined for component null
2023-05-11 08:32:44,348 [WARN] ModelIntegratedComponent:63 - No mode defined for component null
2023-05-11 08:32:44,349 [WARN] ModelIntegratedComponent:63 - No mode defined for component null
2023-05-11 08:32:44,349 [WARN] ModelIntegratedComponent:63 - No mode defined for component null
2023-05-11 08:32:44,349 [WARN] ModelIntegratedComponent:63 - No mode defined for component null
2023-05-11 08:32:44,349 [WARN] ModelIntegratedComponent:63 - No mode defined for component null
2023-05-11 08:32:44,349 [WARN] ModelIntegratedComponent:63 - No mode defined for component null
2023-05-11 08:32:44,349 [WARN] ModelIntegratedComponent:63 - No mode defined for component null
2023-05-11 08:32:44,349 [WARN] ModelIntegratedComponent:63 - No mode defined for component null
2023-05-11 08:32:44,350 [WARN] ModelIntegratedComponent:63 - No mode defined for component null
2023-05-11 08:32:44,350 [WARN] ModelIntegratedComponent:63 - No mode defined for component null
2023-05-11 08:32:44,350 [WARN] ModelIntegratedComponent:63 - No mode defined for component null
2023-05-11 08:32:44,397 [INFO] ThirdPartyModel:298 - Start build external matchings
2023-05-11 08:32:44,857 [INFO] ThirdPartyModel:316 - End build external matchings
2023-05-11 08:32:44,912 [INFO] ImportTextPane:194 - (OptionalMessage_ERROR) IP (RCC) : Parameter (ADCFreq_Value) has invalid value (129000000)
2023-05-11 08:32:44,942 [INFO] ImportTextPane:194 - (OptionalMessage_ERROR) IP (RCC) : Parameter (FDCANFreq_Value) has invalid value (100000000)
2023-05-11 08:32:44,942 [INFO] ImportTextPane:194 - (OptionalMessage_ERROR) IP (RCC) : Invalid parameter (FamilyName)
2023-05-11 08:32:44,943 [INFO] ImportTextPane:194 - (OptionalMessage_ERROR) IP (RCC) : Parameter (I2C4Freq_Value) has invalid value (100000000)
2023-05-11 08:32:44,943 [INFO] ImportTextPane:194 - (OptionalMessage_ERROR) IP (RCC) : Parameter (LPTIM2Freq_Value) has invalid value (100000000)
2023-05-11 08:32:44,943 [INFO] ImportTextPane:194 - (OptionalMessage_ERROR) IP (RCC) : Parameter (LPTIM345Freq_Value) has invalid value (100000000)
2023-05-11 08:32:44,943 [INFO] ImportTextPane:194 - (OptionalMessage_ERROR) IP (RCC) : Parameter (LPUART1Freq_Value) has invalid value (100000000)
2023-05-11 08:32:44,943 [INFO] ImportTextPane:194 - (OptionalMessage_ERROR) IP (RCC) : Parameter (LTDCFreq_Value) has invalid value (129000000)
2023-05-11 08:32:44,944 [INFO] ImportTextPane:194 - (OptionalMessage_ERROR) IP (RCC) : Parameter (SAI1Freq_Value) has invalid value (100000000)
2023-05-11 08:32:44,944 [INFO] ImportTextPane:194 - (OptionalMessage_ERROR) IP (RCC) : Parameter (SAI23Freq_Value) has invalid value (100000000)
2023-05-11 08:32:44,945 [INFO] ImportTextPane:194 - (OptionalMessage_ERROR) IP (RCC) : Parameter (SAI4AFreq_Value) has invalid value (100000000)
2023-05-11 08:32:44,945 [INFO] ImportTextPane:194 - (OptionalMessage_ERROR) IP (RCC) : Parameter (SPI45Freq_Value) has invalid value (100000000)
2023-05-11 08:32:44,945 [INFO] ImportTextPane:194 - (OptionalMessage_ERROR) IP (RCC) : Parameter (SPI6Freq_Value) has invalid value (100000000)
2023-05-11 08:32:44,945 [INFO] ImportTextPane:194 - (OptionalMessage_ERROR) IP (RCC) : Parameter (USART16Freq_Value) has invalid value (100000000)
2023-05-11 08:32:44,945 [INFO] ImportTextPane:194 - (OptionalMessage_ERROR) IP (RCC) : Parameter (USBFreq_Value) has invalid value (100000000)
2023-05-11 08:32:46,529 [INFO] UtilMem:75 - End LoadConfig() Used Memory: 260024352 Bytes (486539264)
2023-05-11 08:32:46,854 [INFO] ApiDb:581 - Connected to CubeFinder SQLite database (C:\Users\InnovusSollertia\.stmcufinder\plugins\mcufinder\mcu\cube-finder-db.db)
2023-05-11 08:32:46,978 [INFO] ApiDb:668 - CubeFinder database Data Model version=2.1
2023-05-11 08:32:46,978 [INFO] ApiDb:669 - CubeFinder database Configuration version=3.0.35
2023-05-11 08:32:46,978 [INFO] ApiDb:670 - CubeFinder database generation date=2023-04-03 (1680511692)
2023-05-11 08:32:46,979 [INFO] ApiDb:671 - CubeFinder database FW Pack versions=[FP-ATR-ASTRA1_V2.0.0, STM32Cube_FW_C0_V1.0.1, STM32Cube_FW_F0_V1.11.4, STM32Cube_FW_F3_V1.11.4, STM32Cube_FW_F4_V1.27.1, STM32Cube_FW_F7_V1.17.0, STM32Cube_FW_G0_V1.6.1, STM32Cube_FW_G4_V1.5.1, STM32Cube_FW_H5_V0.5.1, STM32Cube_FW_H5_V1.0.0, STM32Cube_FW_H7_V1.11.0, STM32Cube_FW_L0_V1.12.2, STM32Cube_FW_L5_V1.5.0, STM32Cube_FW_U5_V1.2.0, STM32Cube_FW_WBA_V1.0.0, STM32Cube_FW_WBA_V1.0.0RC1, STM32Cube_FW_WBA_V1.0.0RC3, STM32Cube_FW_WB_V1.15.0RC1, STM32Cube_FW_WB_V1.16.0, STM32Cube_FW_WB_V1.16.0RC2, STM32Cube_FW_WL_V1.3.0, X-CUBE-ALGOBUILD_V1.3.0, X-CUBE-ALS_V1.0.1, X-CUBE-AZRTOS-F4_V1.1.0, X-CUBE-AZRTOS-F7_V1.1.0, X-CUBE-AZRTOS-G0_V1.1.0, X-CUBE-AZRTOS-G4_V1.0.0, X-CUBE-AZRTOS-H7_V3.0.0, X-CUBE-AZRTOS-L4_V1.0.0, X-CUBE-AZRTOS-L5_V1.1.0, X-CUBE-AZRTOS-WB_V1.1.0, X-CUBE-AZRTOS-WL_V1.0.0, X-CUBE-BLE1_V6.2.4, X-CUBE-BLE2_V3.3.0, X-CUBE-BLEMGR_V1.3.0, X-CUBE-EEPRMA1_V4.1.0, X-CUBE-FREERTOS_V1.0.1, X-CUBE-GNSS1_V6.0.0, X-CUBE-MEMS1_V9.1.0, X-CUBE-MEMS1_V9.4.0, X-CUBE-MEMS1_V9.5.0, X-CUBE-NFC4_V3.0.0, X-CUBE-NFC7_V1.0.0, X-CUBE-SFXS2LP1_V4.0.0, X-CUBE-SUBG2_V5.0.0]
2023-05-11 08:32:49,854 [INFO] ApiDb:240 - Found 297 in-development CPN: [B-G473E-ZEST1S, B-WB1M-WPAN1, B-WL5M-SUBG1, NUCLEO-C031C6, NUCLEO-H503RB, NUCLEO-H563ZI, NUCLEO-U545RE-Q, NUCLEO-U5A5ZJ-Q, NUCLEO-WBA52CG, STEVAL-PROTEUS1, STEVAL-STWINBX1, STM320518-EVAL, STM32C0116-DK, STM32C011D6Y3TR, STM32C011D6Y6TR, STM32C011F4P3, STM32C011F4P6, STM32C011F4U3, STM32C011F4U6TR, STM32C011F6P3, STM32C011F6P6, STM32C011F6U3, STM32C011F6U6TR, STM32C011J4M3, STM32C011J4M6, STM32C011J6M3, STM32C011J6M6, STM32C0316-DK, STM32C031C4T3, STM32C031C4T6, STM32C031C4U3, STM32C031C4U6, STM32C031C6T3, STM32C031C6T6, STM32C031C6U3, STM32C031C6U6, STM32C031F4P3, STM32C031F4P6, STM32C031F6P3, STM32C031F6P6, STM32C031G4U3, STM32C031G4U6, STM32C031G6U3, STM32C031G6U6, STM32C031K4T3, STM32C031K4T6, STM32C031K4U3, STM32C031K4U6, STM32C031K6T3, STM32C031K6T6, STM32C031K6U3, STM32C031K6U6, STM32G071K8TXN, STM32G071K8UXN, STM32G081GBU6N, STM32G081KBT6N, STM32G081KBUXN, STM32G0B1CCT6N, STM32G0B1KCT6, STM32G0B1NEY6TR, STM32G0B1RCT6N, STM32G0C1CCT6, STM32G0C1CCT6N, STM32G0C1CCU6N, STM32G0C1CET6N, STM32G0C1CEU6N, STM32G0C1KCT6, STM32G0C1NEY6TR, STM32G0C1RCI6N, STM32G0C1RCT6N, STM32G0C1REI6N, STM32G0C1RET6N, STM32G0C1VCI6, STM32G0C1VEI6, STM32G471CCT6, STM32G471CCU6, STM32G471CET3, STM32G471CET6, STM32G471CEU3, STM32G471CEU6, STM32G471MCT6, STM32G471MET3, STM32G471MET6, STM32G471MEY6TR, STM32G471QCT6, STM32G471QET3, STM32G471RCT6, STM32G471RET3, STM32G471RET6, STM32G471VCH6, STM32G471VCI6, STM32G471VCT6, STM32G471VEH3, STM32G471VEH6, STM32G471VEI3, STM32G471VEI6, STM32G471VET3, STM32G471VET6, STM32G474CCT6, STM32H503CBT6, STM32H503CBU6, STM32H503EBY6TR, STM32H503KBU6, STM32H503RBT6, STM32H562AGI6, STM32H562AII6, STM32H562IGK6, STM32H562IGT6, STM32H562IIK6, STM32H562IIT6, STM32H562RGT6, STM32H562RGV6, STM32H562RIT6, STM32H562RIV6, STM32H562VGT6, STM32H562VIT6, STM32H562ZGT6, STM32H562ZIT6, STM32H563AGI6, STM32H563AII3Q, STM32H563AII6, STM32H563IGK6, STM32H563IGT6, STM32H563IIK3Q, STM32H563IIK6, STM32H563IIT3Q, STM32H563IIT6, STM32H563MIY3QTR, STM32H563RGT6, STM32H563RGV6, STM32H563RIT6, STM32H563RIV6, STM32H563VGT6, STM32H563VIT3Q, STM32H563VIT6, STM32H563ZGT6, STM32H563ZIT3Q, STM32H563ZIT6, STM32H573AII3Q, STM32H573AII6, STM32H573I-DK, STM32H573IIK3Q, STM32H573IIK6, STM32H573IIT3Q, STM32H573IIT6, STM32H573MIY3QTR, STM32H573RIT6, STM32H573RIV6, STM32H573VIT3Q, STM32H573VIT6, STM32H573ZIT3Q, STM32H573ZIT6, STM32L4R5QGI6STR, STM32MP131AAE3, STM32MP131AAF3, STM32MP131AAG3, STM32MP131CAE3, STM32MP131CAF3, STM32MP131CAG3, STM32MP131DAE7, STM32MP131DAF7, STM32MP131DAG7, STM32MP131FAE7, STM32MP131FAF7, STM32MP131FAG7, STM32MP133AAE3, STM32MP133AAF3, STM32MP133AAG3, STM32MP133CAE3, STM32MP133CAF3, STM32MP133CAG3, STM32MP133DAE7, STM32MP133DAF7, STM32MP133DAG7, STM32MP133FAE7, STM32MP133FAF7, STM32MP133FAG7, STM32MP135AAE3, STM32MP135AAF3, STM32MP135AAG3, STM32MP135CAE3, STM32MP135CAF3, STM32MP135CAG3, STM32MP135DAE7, STM32MP135DAF7, STM32MP135DAG7, STM32MP135F-DK, STM32MP135FAE7, STM32MP135FAF7, STM32MP135FAF7T, STM32MP135FAF7U, STM32MP135FAG7, STM32U535CBT6, STM32U535CBT6Q, STM32U535CBU6, STM32U535CBU6Q, STM32U535CCT6, STM32U535CCT6Q, STM32U535CCU6, STM32U535CCU6Q, STM32U535CET6, STM32U535CET6Q, STM32U535CEU6, STM32U535CEU6Q, STM32U535JEY6QTR, STM32U535NCY6QTR, STM32U535NEY6QTR, STM32U535RBI6, STM32U535RBI6Q, STM32U535RBT6, STM32U535RBT6Q, STM32U535RCI6, STM32U535RCI6Q, STM32U535RCT6, STM32U535RCT6Q, STM32U535REI6, STM32U535REI6Q, STM32U535RET6, STM32U535RET6Q, STM32U535VCI6, STM32U535VCI6Q, STM32U535VCT6, STM32U535VCT6Q, STM32U535VEI6, STM32U535VEI6Q, STM32U535VET6, STM32U535VET6Q, STM32U545CET6, STM32U545CET6Q, STM32U545CEU6, STM32U545CEU6Q, STM32U545JEY6QTR, STM32U545NEY6QTR, STM32U545REI6, STM32U545REI6Q, STM32U545RET6, STM32U545RET6Q, STM32U545VEI6, STM32U545VEI6Q, STM32U545VET6, STM32U545VET6Q, STM32U595AIH6, STM32U595AIH6Q, STM32U595AJH6, STM32U595AJH6Q, STM32U595QII6, STM32U595QII6Q, STM32U595QJI6, STM32U595QJI6Q, STM32U595RIT6, STM32U595RIT6Q, STM32U595RJT6, STM32U595RJT6Q, STM32U595VIT6, STM32U595VIT6Q, STM32U595VJT6, STM32U595VJT6Q, STM32U595ZIT6, STM32U595ZIT6Q, STM32U595ZIY6QTR, STM32U595ZJT6, STM32U595ZJT6Q, STM32U595ZJY6QTR, STM32U599BJY6QTR, STM32U599NIH6Q, STM32U599NJH6Q, STM32U599VIT6Q, STM32U599VJT6, STM32U599VJT6Q, STM32U599ZIT6Q, STM32U599ZIY6QTR, STM32U599ZJT6Q, STM32U599ZJY6QTR, STM32U5A5AJH6, STM32U5A5AJH6Q, STM32U5A5QJI6, STM32U5A5QJI6Q, STM32U5A5RJT6, STM32U5A5RJT6Q, STM32U5A5VJT6, STM32U5A5VJT6Q, STM32U5A5ZJT6, STM32U5A5ZJT6Q, STM32U5A5ZJY6QTR, STM32U5A9BJY6QTR, STM32U5A9J-DK, STM32U5A9NJH6Q, STM32U5A9VJT6Q, STM32U5A9ZJT6Q, STM32U5A9ZJY6QTR, STM32WB1MMCH6, STM32WBA52CEU6, STM32WBA52CEU6T, STM32WBA52CGU6, STM32WBA52CGU6T, STM32WL5MOCH6, STM32WL5MOCH6TR]
2023-05-11 08:32:49,859 [INFO] DbMcus:216 - Found 3775 MCUs, 3775 are supported
2023-05-11 08:32:49,860 [INFO] ApiDb:414 - User favorites file not found: C:\Users\InnovusSollertia/.stm32cubeide/favorites.mcus.txt
2023-05-11 08:32:49,860 [INFO] DbMcus:222 - Set 0 / 0 favorites MCUs
2023-05-11 08:32:50,485 [WARN] ThirdParty:833 - waiting for thirdparty lock release [change project]
2023-05-11 08:32:50,485 [INFO] ThirdParty:835 - entering critical section [change project]
2023-05-11 08:32:50,485 [INFO] ThirdParty:1030 - CMSIS Pack Vendor :STMicroelectronics X-CUBE-ISPU 1.1.0
2023-05-11 08:32:50,485 [INFO] ThirdParty:1030 - CMSIS Pack Vendor :STMicroelectronics X-CUBE-GNSS1 6.0.0
2023-05-11 08:32:50,485 [INFO] ThirdParty:1030 - CMSIS Pack Vendor :STMicroelectronics USB_HOST 2.0.0
2023-05-11 08:32:50,485 [INFO] ThirdParty:1030 - CMSIS Pack Vendor :STMicroelectronics X-CUBE-AZRTOS-F4 1.1.0
2023-05-11 08:32:50,486 [INFO] ThirdParty:1030 - CMSIS Pack Vendor :STMicroelectronics LIBJPEG 8.0.0
2023-05-11 08:32:50,486 [INFO] ThirdParty:1030 - CMSIS Pack Vendor :STMicroelectronics X-CUBE-SMBUS 2.1.0
2023-05-11 08:32:50,486 [INFO] ThirdParty:1030 - CMSIS Pack Vendor :wolfSSL I-CUBE-wolfSSL 5.6.0
2023-05-11 08:32:50,486 [INFO] ThirdParty:1030 - CMSIS Pack Vendor :STMicroelectronics USB_DEVICE 3.0.0
2023-05-11 08:32:50,486 [INFO] ThirdParty:1030 - CMSIS Pack Vendor :STMicroelectronics X-CUBE-AI 8.0.0
2023-05-11 08:32:50,486 [INFO] ThirdParty:1030 - CMSIS Pack Vendor :STMicroelectronics X-CUBE-FREERTOS 1.0.1
2023-05-11 08:32:50,486 [INFO] ThirdParty:1030 - CMSIS Pack Vendor :STMicroelectronics X-CUBE-TOUCHGFX 4.21.3
2023-05-11 08:32:50,486 [INFO] ThirdParty:1030 - CMSIS Pack Vendor :STMicroelectronics X-CUBE-AZRTOS-F7 1.1.0
2023-05-11 08:32:50,486 [INFO] ThirdParty:1030 - CMSIS Pack Vendor :STMicroelectronics USB_DEVICE 2.0.0
2023-05-11 08:32:50,486 [INFO] ThirdParty:1030 - CMSIS Pack Vendor :STMicroelectronics X-CUBE-MEMS1 9.6.0
2023-05-11 08:32:50,486 [INFO] ThirdParty:1030 - CMSIS Pack Vendor :STMicroelectronics X-CUBE-ALGOBUILD 1.3.0
2023-05-11 08:32:50,486 [INFO] ThirdParty:1030 - CMSIS Pack Vendor :STMicroelectronics X-CUBE-BLE1 6.2.4
2023-05-11 08:32:50,487 [INFO] ThirdParty:1030 - CMSIS Pack Vendor :STMicroelectronics X-CUBE-AZRTOS-L5 1.1.0
2023-05-11 08:32:50,487 [INFO] ThirdParty:1030 - CMSIS Pack Vendor :STMicroelectronics FreeRTOS 0.0.1
2023-05-11 08:32:50,487 [INFO] ThirdParty:1030 - CMSIS Pack Vendor :emotas I-CUBE-CANOPEN 1.1.3
2023-05-11 08:32:50,487 [INFO] ThirdParty:1030 - CMSIS Pack Vendor :STMicroelectronics X-CUBE-AZRTOS-G0 1.1.0
2023-05-11 08:32:50,487 [INFO] ThirdParty:1030 - CMSIS Pack Vendor :STMicroelectronics X-CUBE-BLEMGR 2.0.0
2023-05-11 08:32:50,487 [INFO] ThirdParty:1030 - CMSIS Pack Vendor :STMicroelectronics X-CUBE-SUBG2 5.0.0
2023-05-11 08:32:50,487 [INFO] ThirdParty:1030 - CMSIS Pack Vendor :STMicroelectronics X-CUBE-NFC4 3.0.0
2023-05-11 08:32:50,487 [INFO] ThirdParty:1030 - CMSIS Pack Vendor :STMicroelectronics STM32_WPAN 1.0.0
2023-05-11 08:32:50,488 [INFO] ThirdParty:1030 - CMSIS Pack Vendor :STMicroelectronics lwIP 2.0.3
2023-05-11 08:32:50,488 [INFO] ThirdParty:1030 - CMSIS Pack Vendor :STMicroelectronics USB_HOST 1.0.0
2023-05-11 08:32:50,488 [INFO] ThirdParty:1030 - CMSIS Pack Vendor :STMicroelectronics X-CUBE-AZRTOS-G4 2.0.0
2023-05-11 08:32:50,488 [INFO] ThirdParty:1030 - CMSIS Pack Vendor :STMicroelectronics PDM2PCM 3.1.0
2023-05-11 08:32:50,488 [INFO] ThirdParty:1030 - CMSIS Pack Vendor :STMicroelectronics X-CUBE-AZRTOS-H7 3.1.0
2023-05-11 08:32:50,488 [INFO] ThirdParty:1030 - CMSIS Pack Vendor :STMicroelectronics X-CUBE-TOF1 3.3.0
2023-05-11 08:32:50,488 [INFO] ThirdParty:1030 - CMSIS Pack Vendor :STMicroelectronics PDM2PCM 3.3.0
2023-05-11 08:32:50,488 [INFO] ThirdParty:1030 - CMSIS Pack Vendor :STMicroelectronics X-CUBE-DISPLAY 3.0.0
2023-05-11 08:32:50,488 [INFO] ThirdParty:1030 - CMSIS Pack Vendor :STMicroelectronics FP-ATR-SIGFOX1 3.2.0
2023-05-11 08:32:50,489 [INFO] ThirdParty:1030 - CMSIS Pack Vendor :STMicroelectronics X-CUBE-AZRTOS-L4 1.0.0
2023-05-11 08:32:50,489 [INFO] ThirdParty:1030 - CMSIS Pack Vendor :STMicroelectronics HAL Drivers 0.0.0
2023-05-11 08:32:50,489 [INFO] ThirdParty:1030 - CMSIS Pack Vendor :STMicroelectronics MBEDTLS 2.16.2
2023-05-11 08:32:50,489 [INFO] ThirdParty:1030 - CMSIS Pack Vendor :STMicroelectronics MBEDTLS 2.14.1
2023-05-11 08:32:50,489 [INFO] ThirdParty:1030 - CMSIS Pack Vendor :STMicroelectronics X-CUBE-NFC7 1.0.0
2023-05-11 08:32:50,489 [INFO] ThirdParty:1030 - CMSIS Pack Vendor :STMicroelectronics X-CUBE-AZRTOS-WL 1.0.0
2023-05-11 08:32:50,489 [INFO] ThirdParty:1030 - CMSIS Pack Vendor :STMicroelectronics X-CUBE-EEPRMA1 4.1.0
2023-05-11 08:32:50,489 [INFO] ThirdParty:1030 - CMSIS Pack Vendor :portGmbH I-Cube-SoM-uGOAL 1.1.0
2023-05-11 08:32:50,489 [INFO] ThirdParty:1030 - CMSIS Pack Vendor :STMicroelectronics X-CUBE-ALS 1.0.1
2023-05-11 08:32:50,489 [INFO] ThirdParty:1030 - CMSIS Pack Vendor :STMicroelectronics ThreadX 1.0.0
2023-05-11 08:32:50,492 [INFO] ThirdParty:1030 - CMSIS Pack Vendor :STMicroelectronics X-CUBE-AZRTOS-WB 1.1.0
2023-05-11 08:32:50,492 [INFO] ThirdParty:1030 - CMSIS Pack Vendor :SEGGER I-CUBE-embOS 1.3.1
2023-05-11 08:32:50,493 [INFO] ThirdParty:1030 - CMSIS Pack Vendor :STMicroelectronics USB_DEVICE 1.0.0
2023-05-11 08:32:50,493 [INFO] ThirdParty:1030 - CMSIS Pack Vendor :STMicroelectronics ThreadX 0.0.2
2023-05-11 08:32:50,493 [INFO] ThirdParty:1030 - CMSIS Pack Vendor :WES I-CUBE-Cesium 1.3.0
2023-05-11 08:32:50,493 [INFO] ThirdParty:1030 - CMSIS Pack Vendor :STMicroelectronics FP-ATR-ASTRA1 2.0.0
2023-05-11 08:32:50,493 [INFO] ThirdParty:1030 - CMSIS Pack Vendor :STMicroelectronics lwIP 2.1.2
2023-05-11 08:32:50,493 [INFO] ThirdParty:1030 - CMSIS Pack Vendor :STMicroelectronics X-CUBE-SFXS2LP1 4.0.0
2023-05-11 08:32:50,494 [INFO] ThirdParty:1030 - CMSIS Pack Vendor :STMicroelectronics X-CUBE-BLE2 3.3.0
2023-05-11 08:32:50,494 [INFO] ThirdParty:1030 - CMSIS Pack Vendor :STMicroelectronics PDM2PCM 3.2.0
2023-05-11 08:32:50,494 [INFO] ThirdParty:841 - exiting critical section [change project]
2023-05-11 08:32:52,149 [INFO] PinOutPanel:1499 - setPackage(No Configuration,No Configuration)
2023-05-11 08:32:52,152 [INFO] PinOutPanel:1499 - setPackage(STM32H750VBTx,LQFP100)
2023-05-11 08:32:54,726 [INFO] UtilMem:75 - Before build in PCC Used Memory: 345847904 Bytes (510656512)
2023-05-11 08:32:56,957 [INFO] UtilMem:75 - After build in PCC Used Memory: 401965888 Bytes (510656512)
2023-05-11 08:32:57,100 [INFO] IPUIPlugin:80 - create IPUIPlugin
2023-05-11 08:32:57,100 [INFO] IPUIPlugin:80 - create IPUIPlugin
2023-05-11 08:32:57,100 [INFO] IPUIPlugin:80 - create IPUIPlugin
2023-05-11 08:32:57,100 [INFO] IPUIPlugin:80 - create IPUIPlugin
2023-05-11 08:32:57,100 [INFO] IPUIPlugin:80 - create IPUIPlugin
2023-05-11 08:32:57,100 [INFO] IPUIPlugin:80 - create IPUIPlugin
2023-05-11 08:32:57,101 [INFO] IPUIPlugin:80 - create IPUIPlugin
2023-05-11 08:32:57,101 [INFO] IPUIPlugin:80 - create IPUIPlugin
2023-05-11 08:32:57,101 [INFO] IPUIPlugin:80 - create IPUIPlugin
2023-05-11 08:32:57,102 [INFO] IPUIPlugin:80 - create IPUIPlugin
2023-05-11 08:32:57,103 [INFO] IPUIPlugin:80 - create IPUIPlugin
2023-05-11 08:32:57,103 [INFO] IPUIPlugin:80 - create IPUIPlugin
2023-05-11 08:32:57,103 [INFO] IPUIPlugin:80 - create IPUIPlugin
2023-05-11 08:32:57,103 [INFO] IPUIPlugin:80 - create IPUIPlugin
2023-05-11 08:32:57,104 [INFO] IPUIPlugin:80 - create IPUIPlugin
2023-05-11 08:32:57,104 [INFO] IPUIPlugin:80 - create IPUIPlugin
2023-05-11 08:32:57,105 [INFO] IPUIPlugin:80 - create IPUIPlugin
2023-05-11 08:32:57,105 [INFO] IPUIPlugin:80 - create IPUIPlugin
2023-05-11 08:32:57,105 [INFO] IPUIPlugin:80 - create IPUIPlugin
2023-05-11 08:32:57,105 [INFO] IPUIPlugin:80 - create IPUIPlugin
2023-05-11 08:32:57,106 [INFO] IPUIPlugin:80 - create IPUIPlugin
2023-05-11 08:32:57,107 [INFO] IPUIPlugin:80 - create IPUIPlugin
2023-05-11 08:32:57,107 [INFO] IPUIPlugin:80 - create IPUIPlugin
2023-05-11 08:32:57,108 [INFO] IPUIPlugin:80 - create IPUIPlugin
2023-05-11 08:32:57,108 [INFO] IPUIPlugin:80 - create IPUIPlugin
2023-05-11 08:32:57,109 [INFO] IPUIPlugin:80 - create IPUIPlugin
2023-05-11 08:32:57,109 [INFO] IPUIPlugin:80 - create IPUIPlugin
2023-05-11 08:32:57,109 [INFO] IPUIPlugin:80 - create IPUIPlugin
2023-05-11 08:32:57,110 [INFO] IPUIPlugin:80 - create IPUIPlugin
2023-05-11 08:32:57,110 [INFO] IPUIPlugin:80 - create IPUIPlugin
2023-05-11 08:32:57,111 [INFO] IPUIPlugin:80 - create IPUIPlugin
2023-05-11 08:32:57,111 [INFO] IPUIPlugin:80 - create IPUIPlugin
2023-05-11 08:32:57,112 [INFO] IPUIPlugin:80 - create IPUIPlugin
2023-05-11 08:32:57,113 [INFO] IPUIPlugin:80 - create IPUIPlugin
2023-05-11 08:32:57,113 [INFO] IPUIPlugin:80 - create IPUIPlugin
2023-05-11 08:32:57,114 [INFO] IPUIPlugin:80 - create IPUIPlugin
2023-05-11 08:32:57,115 [INFO] IPUIPlugin:80 - create IPUIPlugin
2023-05-11 08:32:57,116 [INFO] IPUIPlugin:80 - create IPUIPlugin
2023-05-11 08:32:57,117 [INFO] IPUIPlugin:80 - create IPUIPlugin
2023-05-11 08:32:57,117 [INFO] IPUIPlugin:80 - create IPUIPlugin
2023-05-11 08:32:57,118 [INFO] IPUIPlugin:80 - create IPUIPlugin
2023-05-11 08:32:57,119 [INFO] IPUIPlugin:80 - create IPUIPlugin
2023-05-11 08:32:57,119 [INFO] IPUIPlugin:80 - create IPUIPlugin
2023-05-11 08:32:57,120 [INFO] IPUIPlugin:80 - create IPUIPlugin
2023-05-11 08:32:57,121 [INFO] IPUIPlugin:80 - create IPUIPlugin
2023-05-11 08:32:57,121 [INFO] IPUIPlugin:80 - create IPUIPlugin
2023-05-11 08:32:57,122 [INFO] IPUIPlugin:80 - create IPUIPlugin
2023-05-11 08:32:57,123 [INFO] IPUIPlugin:80 - create IPUIPlugin
2023-05-11 08:32:57,124 [INFO] IPUIPlugin:80 - create IPUIPlugin
2023-05-11 08:32:57,124 [INFO] IPUIPlugin:80 - create IPUIPlugin
2023-05-11 08:32:57,125 [INFO] IPUIPlugin:80 - create IPUIPlugin
2023-05-11 08:32:57,126 [INFO] IPUIPlugin:80 - create IPUIPlugin
2023-05-11 08:32:57,127 [INFO] IPUIPlugin:80 - create IPUIPlugin
2023-05-11 08:32:57,128 [INFO] IPUIPlugin:80 - create IPUIPlugin
2023-05-11 08:32:57,128 [INFO] IPUIPlugin:80 - create IPUIPlugin
2023-05-11 08:32:57,129 [INFO] IPUIPlugin:80 - create IPUIPlugin
2023-05-11 08:32:57,130 [INFO] IPUIPlugin:80 - create IPUIPlugin
2023-05-11 08:32:57,131 [INFO] IPUIPlugin:80 - create IPUIPlugin
2023-05-11 08:32:57,131 [INFO] IPUIPlugin:80 - create IPUIPlugin
2023-05-11 08:32:57,132 [INFO] IPUIPlugin:80 - create IPUIPlugin
2023-05-11 08:32:57,173 [INFO] IPUIPlugin:80 - create IPUIPlugin
2023-05-11 08:32:57,175 [INFO] IPUIPlugin:80 - create IPUIPlugin
2023-05-11 08:32:57,176 [INFO] IPUIPlugin:80 - create IPUIPlugin
2023-05-11 08:32:57,177 [INFO] IPUIPlugin:80 - create IPUIPlugin
2023-05-11 08:32:57,178 [INFO] IPUIPlugin:80 - create IPUIPlugin
2023-05-11 08:32:57,179 [INFO] IPUIPlugin:80 - create IPUIPlugin
2023-05-11 08:32:57,180 [INFO] IPUIPlugin:80 - create IPUIPlugin
2023-05-11 08:32:57,181 [INFO] IPUIPlugin:80 - create IPUIPlugin
2023-05-11 08:32:57,182 [INFO] IPUIPlugin:80 - create IPUIPlugin
2023-05-11 08:32:57,183 [INFO] IPUIPlugin:80 - create IPUIPlugin
2023-05-11 08:32:57,183 [INFO] IPUIPlugin:80 - create IPUIPlugin
2023-05-11 08:32:57,184 [INFO] IPUIPlugin:80 - create IPUIPlugin
2023-05-11 08:32:57,185 [INFO] IPUIPlugin:80 - create IPUIPlugin
2023-05-11 08:32:57,186 [INFO] IPUIPlugin:80 - create IPUIPlugin
2023-05-11 08:32:57,194 [INFO] IPUIPlugin:80 - create IPUIPlugin
2023-05-11 08:32:57,195 [INFO] IPUIPlugin:80 - create IPUIPlugin
2023-05-11 08:32:57,196 [INFO] IPUIPlugin:80 - create IPUIPlugin
2023-05-11 08:32:57,197 [INFO] IPUIPlugin:80 - create IPUIPlugin
2023-05-11 08:32:57,198 [INFO] IPUIPlugin:80 - create IPUIPlugin
2023-05-11 08:32:57,199 [INFO] IPUIPlugin:80 - create IPUIPlugin
2023-05-11 08:32:57,200 [INFO] IPUIPlugin:80 - create IPUIPlugin
2023-05-11 08:32:57,201 [INFO] IPUIPlugin:80 - create IPUIPlugin
2023-05-11 08:32:57,202 [INFO] IPUIPlugin:80 - create IPUIPlugin
2023-05-11 08:32:57,203 [INFO] IPUIPlugin:80 - create IPUIPlugin
2023-05-11 08:32:57,204 [INFO] IPUIPlugin:80 - create IPUIPlugin
2023-05-11 08:32:57,207 [INFO] IPUIPlugin:80 - create IPUIPlugin
2023-05-11 08:32:57,208 [INFO] IPUIPlugin:80 - create IPUIPlugin
2023-05-11 08:32:57,209 [INFO] IPUIPlugin:80 - create IPUIPlugin
2023-05-11 08:32:57,210 [INFO] IPUIPlugin:80 - create IPUIPlugin
2023-05-11 08:32:57,211 [INFO] IPUIPlugin:80 - create IPUIPlugin
2023-05-11 08:32:57,213 [INFO] IPUIPlugin:80 - create IPUIPlugin
2023-05-11 08:32:57,214 [INFO] IPUIPlugin:80 - create IPUIPlugin
2023-05-11 08:32:57,215 [INFO] IPUIPlugin:80 - create IPUIPlugin
2023-05-11 08:32:57,217 [INFO] IPUIPlugin:80 - create IPUIPlugin
2023-05-11 08:32:57,218 [INFO] IPUIPlugin:80 - create IPUIPlugin
2023-05-11 08:32:57,219 [INFO] IPUIPlugin:80 - create IPUIPlugin
2023-05-11 08:32:57,221 [INFO] IPUIPlugin:80 - create IPUIPlugin
2023-05-11 08:32:57,222 [INFO] IPUIPlugin:80 - create IPUIPlugin
2023-05-11 08:32:57,387 [INFO] ApiDbMcu:507 - Load IP Config File for PDM2PCM
2023-05-11 08:32:57,958 [INFO] CADModel:165 - CPN selected for project levelSTM32H750VBT6
2023-05-11 08:32:57,958 [INFO] CADModel:114 - Register for checkConnection events
2023-05-11 08:32:58,048 [INFO] OpenFileManager:328 - Restore cursor
2023-05-11 08:33:11,919 [WARN] IpParametersView:150 - Warning: This peripheral hasn't parameters
2023-05-11 08:35:10,141 [INFO] UtilMem:75 - End SaveConfig() Used Memory: 517523496 Bytes (574619648)
2023-05-11 08:35:10,405 [INFO] UtilMem:75 - End SaveConfig() Used Memory: 519934152 Bytes (574619648)
2023-05-11 08:35:16,549 [INFO] ServerAccessManage:473 - Download File stm32cube_fw_h7_v1110.zip
2023-05-11 08:37:50,030 [INFO] AnalyticsPlugin:363 - Accepted License(s) without tracking enabled: [FW.H7.1.11.0]
2023-05-11 08:37:50,031 [INFO] FileExtend:240 - Unzip File : stm32cube_fw_h7_v1110.zip
2023-05-11 08:37:50,033 [INFO] FileExtend:255 - Standard Zip Deflate
2023-05-11 08:46:15,880 [INFO] LoadServerPackagesThread:196 - End of LoadServerPackages Thread
2023-05-11 08:46:16,279 [INFO] ThirdPartyModel:298 - Start build external matchings
2023-05-11 08:46:16,303 [INFO] UtilMem:75 - End SaveConfig() Used Memory: 839924752 Bytes (1073741824)
2023-05-11 08:46:20,509 [INFO] ThirdPartyModel:316 - End build external matchings
2023-05-11 08:46:20,553 [INFO] CheckServerUpdateThread:120 - End of CheckServer Thread
2023-05-11 08:46:21,599 [INFO] BlockDiagram:2759 - set Specific Code input for plugin: RCC
2023-05-11 08:46:21,599 [INFO] BlockDiagram:2759 - set Specific Code input for plugin: SYS
2023-05-11 08:46:21,599 [INFO] BlockDiagram:2759 - set Specific Code input for plugin: NVIC
2023-05-11 08:46:21,600 [INFO] BlockDiagram:2759 - set Specific Code input for plugin: CRYP
2023-05-11 08:46:21,600 [INFO] BlockDiagram:2759 - set Specific Code input for plugin: UART
2023-05-11 08:46:21,603 [INFO] BlockDiagram:2759 - set Specific Code input for plugin: GPIO
2023-05-11 08:46:21,606 [INFO] CodeGenerator:793 - code generatio: config db path: C:\ST\STM32CubeIDE_1.12.0\STM32CubeIDE\plugins\com.st.stm32cube.common.mx_6.8.1.202304191431\\db\
2023-05-11 08:46:23,969 [INFO] CodeEngine:255 - oldGeneratedFile, X:\Projects\Engineering\ProjectOptics\src\LAZER_TRANSFER\MXTmpFiles\license.tmp_save
2023-05-11 08:46:25,958 [INFO] CodeEngine:279 - Generated code: X:\Projects\Engineering\ProjectOptics\src\LAZER_TRANSFER\MXTmpFiles\license.tmp
2023-05-11 08:46:26,951 [INFO] CodeEngine:255 - oldGeneratedFile, X:\Projects\Engineering\ProjectOptics\src\LAZER_TRANSFER\MXTmpFiles\gpio.tmp_save
2023-05-11 08:46:28,401 [INFO] CodeEngine:279 - Generated code: X:\Projects\Engineering\ProjectOptics\src\LAZER_TRANSFER\MXTmpFiles\gpio.tmp
2023-05-11 08:46:30,532 [INFO] CodeEngine:255 - oldGeneratedFile, X:\Projects\Engineering\ProjectOptics\src\LAZER_TRANSFER\MXTmpFiles\cortex.tmp_save
2023-05-11 08:46:32,145 [INFO] CodeEngine:279 - Generated code: X:\Projects\Engineering\ProjectOptics\src\LAZER_TRANSFER\MXTmpFiles\cortex.tmp
2023-05-11 08:46:32,371 [INFO] CodeEngine:255 - oldGeneratedFile, X:\Projects\Engineering\ProjectOptics\src\LAZER_TRANSFER\Core\Src\stm32h7xx_it.c_save
2023-05-11 08:46:33,266 [INFO] CodeEngine:279 - Generated code: X:\Projects\Engineering\ProjectOptics\src\LAZER_TRANSFER\Core\Src\stm32h7xx_it.c
2023-05-11 08:46:33,303 [INFO] CodeEngine:255 - oldGeneratedFile, X:\Projects\Engineering\ProjectOptics\src\LAZER_TRANSFER\Core\Inc\stm32h7xx_it.h_save
2023-05-11 08:46:33,687 [INFO] CodeEngine:279 - Generated code: X:\Projects\Engineering\ProjectOptics\src\LAZER_TRANSFER\Core\Inc\stm32h7xx_it.h
2023-05-11 08:46:34,651 [INFO] CodeEngine:255 - oldGeneratedFile, X:\Projects\Engineering\ProjectOptics\src\LAZER_TRANSFER\Core\Src\stm32h7xx_hal_msp.c_save
2023-05-11 08:46:35,932 [INFO] CodeEngine:279 - Generated code: X:\Projects\Engineering\ProjectOptics\src\LAZER_TRANSFER\Core\Src\stm32h7xx_hal_msp.c
2023-05-11 08:46:35,958 [INFO] CodeEngine:255 - oldGeneratedFile, X:\Projects\Engineering\ProjectOptics\src\LAZER_TRANSFER\MXTmpFiles\system.tmp_save
2023-05-11 08:46:36,435 [INFO] CodeEngine:279 - Generated code: X:\Projects\Engineering\ProjectOptics\src\LAZER_TRANSFER\MXTmpFiles\system.tmp
2023-05-11 08:46:36,550 [INFO] CodeEngine:311 - oldGeneratedFile, X:\Projects\Engineering\ProjectOptics\src\LAZER_TRANSFER\Core\Inc\stm32h7xx_hal_conf.h_save
2023-05-11 08:46:37,146 [INFO] CodeEngine:335 - Generated code: X:\Projects\Engineering\ProjectOptics\src\LAZER_TRANSFER\Core\Inc\stm32h7xx_hal_conf.h
2023-05-11 08:46:37,704 [INFO] CodeEngine:255 - oldGeneratedFile, X:\Projects\Engineering\ProjectOptics\src\LAZER_TRANSFER\Core\Inc\main.h_save
2023-05-11 08:46:38,306 [INFO] CodeEngine:279 - Generated code: X:\Projects\Engineering\ProjectOptics\src\LAZER_TRANSFER\Core\Inc\main.h
2023-05-11 08:46:38,365 [INFO] CodeEngine:255 - oldGeneratedFile, X:\Projects\Engineering\ProjectOptics\src\LAZER_TRANSFER\Core\Src\main.c_save
2023-05-11 08:46:39,861 [INFO] CodeEngine:279 - Generated code: X:\Projects\Engineering\ProjectOptics\src\LAZER_TRANSFER\Core\Src\main.c
2023-05-11 08:46:42,485 [INFO] ProjectBuilder:2996 - Time for Copy HAL[1] : 470mS.
2023-05-11 08:46:42,538 [INFO] ProjectBuilder:4304 - Project Generator version: 3.19.2
2023-05-11 08:46:43,843 [INFO] ConfigFileManager:1483 - The Die is : DIE450
2023-05-11 08:46:43,881 [INFO] ApiDbMcu:507 - Load IP Config File for FATFS
2023-05-11 08:46:43,912 [INFO] ApiDbMcu:507 - Load IP Config File for FREERTOS
2023-05-11 08:46:43,933 [INFO] ApiDbMcu:507 - Load IP Config File for LIBJPEG
2023-05-11 08:46:43,981 [INFO] ApiDbMcu:507 - Load IP Config File for LWIP
2023-05-11 08:46:44,030 [INFO] ApiDbMcu:507 - Load IP Config File for MBEDTLS
2023-05-11 08:46:44,085 [INFO] ApiDbMcu:507 - Load IP Config File for USB_DEVICE
2023-05-11 08:46:44,120 [INFO] ApiDbMcu:507 - Load IP Config File for USB_HOST
2023-05-11 08:46:50,847 [INFO] LogOutputStream:77 - [STDOUT_REDIRECT] 
2023-05-11 08:46:58,755 [INFO] ProjectBuilder:4505 - Time for Generating toolchain IDE Files: 16210mS.
2023-05-11 08:46:58,757 [INFO] ProjectBuilder:2867 - Time for Copy CMSIS : 1mS.
2023-05-11 08:46:58,763 [INFO] ProjectBuilder:2867 - Time for Copy CMSIS : 0mS.
